<?xml version="1.0" encoding="UTF-8" standalone="yes"?><!DOCTYPE report PUBLIC "-//JACOCO//DTD Report 1.0//EN" "report.dtd"><report name="Smart Reactor Maven Extension"><sessioninfo id="" start="1456809899384" dump="1456809905916"/><sessioninfo id="info.ronjenkins.maven.rtr.RTRTest nullStepCausesException" start="1456809905951" dump="1456809907914"/><sessioninfo id="" start="1456809907952" dump="1456809907954"/><sessioninfo id="info.ronjenkins.maven.rtr.RTRTest doubleLoadMeansNoExecution" start="1456809907996" dump="1456809908074"/><sessioninfo id="" start="1456809908112" dump="1456809908119"/><sessioninfo id="info.ronjenkins.maven.rtr.RTRTest buildExtensionCausesException" start="1456809908154" dump="1456809908215"/><sessioninfo id="" start="1456809908254" dump="1456809908256"/><sessioninfo id="info.ronjenkins.maven.rtr.RTRTest failedExecution" start="1456809908299" dump="1456809908434"/><sessioninfo id="" start="1456809908499" dump="1456809908500"/><sessioninfo id="info.ronjenkins.maven.rtr.RTRTest booleanMethodTests" start="1456809908558" dump="1456809908635"/><sessioninfo id="" start="1456809908680" dump="1456809908681"/><sessioninfo id="info.ronjenkins.maven.rtr.RTRTest doubleDetectionComponentLookupException" start="1456809908719" dump="1456809908901"/><sessioninfo id="" start="1456809908919" dump="1456809908926"/><sessioninfo id="info.ronjenkins.maven.rtr.RTRTest classCheckTest" start="1456809908945" dump="1456809908966"/><sessioninfo id="" start="1456809908986" dump="1456809908989"/><sessioninfo id="info.ronjenkins.maven.rtr.RTRTest disabledMeansNoop" start="1456809909011" dump="1456809909078"/><sessioninfo id="" start="1456809909103" dump="1456809909104"/><sessioninfo id="info.ronjenkins.maven.rtr.RTRTest successfulExecution" start="1456809909129" dump="1456809909219"/><sessioninfo id="" start="1456809909241" dump="1456809909359"/><sessioninfo id="info.ronjenkins.maven.rtr.RTRConfigTest isSinglePomReactorAllowedNullCheck" start="1456809909380" dump="1456809909430"/><sessioninfo id="" start="1456809909449" dump="1456809909458"/><sessioninfo id="info.ronjenkins.maven.rtr.RTRConfigTest flagIsDefaultWhenPropertyIsNull" start="1456809909473" dump="1456809909910"/><sessioninfo id="" start="1456809909936" dump="1456809909937"/><sessioninfo id="info.ronjenkins.maven.rtr.RTRConfigTest getTag" start="1456809909964" dump="1456809910041"/><sessioninfo id="" start="1456809910062" dump="1456809910063"/><sessioninfo id="info.ronjenkins.maven.rtr.RTRConfigTest nullValueWhenNotDefined" start="1456809910081" dump="1456809910171"/><sessioninfo id="" start="1456809910187" dump="1456809910190"/><sessioninfo id="info.ronjenkins.maven.rtr.RTRConfigTest isAllowTimestampedSnapshots" start="1456809910216" dump="1456809910295"/><sessioninfo id="" start="1456809910311" dump="1456809910312"/><sessioninfo id="info.ronjenkins.maven.rtr.RTRConfigTest projectPropertyUsedWhenNotDefinedInSession" start="1456809910335" dump="1456809910407"/><sessioninfo id="" start="1456809910422" dump="1456809910431"/><sessioninfo id="info.ronjenkins.maven.rtr.RTRConfigTest isReleaseNullCheck" start="1456809910455" dump="1456809910466"/><sessioninfo id="" start="1456809910491" dump="1456809910492"/><sessioninfo id="info.ronjenkins.maven.rtr.RTRConfigTest getTagNameFormat" start="1456809910518" dump="1456809910587"/><sessioninfo id="" start="1456809910602" dump="1456809910610"/><sessioninfo id="info.ronjenkins.maven.rtr.RTRConfigTest isDisabled" start="1456809910625" dump="1456809910699"/><sessioninfo id="" start="1456809910716" dump="1456809910722"/><sessioninfo id="info.ronjenkins.maven.rtr.RTRConfigTest getTagBase" start="1456809910737" dump="1456809910824"/><sessioninfo id="" start="1456809910839" dump="1456809910840"/><sessioninfo id="info.ronjenkins.maven.rtr.RTRConfigTest isDisabledNullCheck" start="1456809910863" dump="1456809910874"/><sessioninfo id="" start="1456809910888" dump="1456809910889"/><sessioninfo id="info.ronjenkins.maven.rtr.RTRConfigTest flagIsDeterminedBySetProperty" start="1456809910907" dump="1456809910991"/><sessioninfo id="" start="1456809911007" dump="1456809911010"/><sessioninfo id="info.ronjenkins.maven.rtr.RTRConfigTest isAutoVersionSubmodules" start="1456809911025" dump="1456809911107"/><sessioninfo id="" start="1456809911122" dump="1456809911126"/><sessioninfo id="info.ronjenkins.maven.rtr.RTRConfigTest isRelease" start="1456809911141" dump="1456809911223"/><sessioninfo id="" start="1456809911236" dump="1456809911236"/><sessioninfo id="info.ronjenkins.maven.rtr.RTRConfigTest isSinglePomReactorAllowed" start="1456809911250" dump="1456809911330"/><sessioninfo id="" start="1456809911335" dump="1456809911336"/><sessioninfo id="info.ronjenkins.maven.rtr.RTRConfigTest getReleaseVersion" start="1456809911341" dump="1456809911368"/><sessioninfo id="" start="1456809911373" dump="1456809911374"/><sessioninfo id="info.ronjenkins.maven.rtr.RTRConfigTest getProjectVersionPolicyId" start="1456809911379" dump="1456809911406"/><sessioninfo id="" start="1456809911411" dump="1456809911412"/><sessioninfo id="info.ronjenkins.maven.rtr.RTRConfigTest nonBooleanPropertyValueNotAllowed" start="1456809911417" dump="1456809911444"/><sessioninfo id="" start="1456809911450" dump="1456809911450"/><sessioninfo id="info.ronjenkins.maven.rtr.RTRConfigTest projectValueUsedWhenSessionIsNull" start="1456809911455" dump="1456809911481"/><sessioninfo id="" start="1456809911487" dump="1456809911487"/><sessioninfo id="info.ronjenkins.maven.rtr.RTRConfigTest isAddSchema" start="1456809911492" dump="1456809911519"/><sessioninfo id="" start="1456809911524" dump="1456809911525"/><sessioninfo id="info.ronjenkins.maven.rtr.RTRConfigTest sessionOverridesProjectWhenDefinedInBothPlaces" start="1456809911530" dump="1456809911558"/><sessioninfo id="" start="1456809911562" dump="1456809911564"/><sessioninfo id="info.ronjenkins.maven.rtr.RTRConfigTest isExternalSnapshotsAllowed" start="1456809911568" dump="1456809911603"/><sessioninfo id="" start="1456809911608" dump="1456809911609"/><sessioninfo id="info.ronjenkins.maven.rtr.RTRConfigTest sessionPropertyUsedWhenNotDefinedInProject" start="1456809911614" dump="1456809911641"/><sessioninfo id="" start="1456809911647" dump="1456809911648"/><sessioninfo id="info.ronjenkins.maven.rtr.RTRConfigTest checkParametersWhenAtLeastOneIsNotNull" start="1456809911652" dump="1456809911655"/><sessioninfo id="" start="1456809911660" dump="1456809911661"/><sessioninfo id="info.ronjenkins.maven.rtr.RTRConfigTest sessionValueUsedWhenProjectIsNull" start="1456809911666" dump="1456809911692"/><sessioninfo id="" start="1456809911698" dump="1456809911747"/><sessioninfo id="info.ronjenkins.maven.rtr.steps.release.AbstractSmartReactorReleaseStepsTest nullReleasePhaseCausesException" start="1456809911753" dump="1456809912375"/><sessioninfo id="" start="1456809912381" dump="1456809912394"/><sessioninfo id="info.ronjenkins.maven.rtr.steps.release.AbstractSmartReactorReleaseStepsTest releasePhaseErrorResultCausesExceptionWithProperCause" start="1456809912408" dump="1456809912509"/><sessioninfo id="" start="1456809912522" dump="1456809912523"/><sessioninfo id="info.ronjenkins.maven.rtr.steps.release.AbstractSmartReactorReleaseStepsTest successfulExecution" start="1456809912533" dump="1456809912607"/><sessioninfo id="" start="1456809912618" dump="1456809912619"/><sessioninfo id="info.ronjenkins.maven.rtr.steps.release.AbstractSmartReactorReleaseStepsTest disabledReleaseMeansNoop" start="1456809912628" dump="1456809912642"/><sessioninfo id="" start="1456809912651" dump="1456809912652"/><sessioninfo id="info.ronjenkins.maven.rtr.steps.release.AbstractSmartReactorReleaseStepsTest rollbackFailureOfAnyKindCausesExceptionSuppression" start="1456809912666" dump="1456809912723"/><sessioninfo id="" start="1456809912729" dump="1456809912729"/><sessioninfo id="info.ronjenkins.maven.rtr.steps.release.AbstractSmartReactorReleaseStepsTest releasePhaseExceptionCausesExceptionWithProperCause" start="1456809912740" dump="1456809912819"/><sessioninfo id="" start="1456809912824" dump="1456809912825"/><sessioninfo id="info.ronjenkins.maven.rtr.steps.release.AbstractSmartReactorReleaseStepsTest coverBasicImplementations" start="1456809912835" dump="1456809912851"/><sessioninfo id="" start="1456809912863" dump="1456809912924"/><sessioninfo id="info.ronjenkins.maven.rtr.steps.release.TransformProjectsIntoReleasesTest configureReleaseDescriptorWithoutOptionalParameters" start="1456809912930" dump="1456809913062"/><sessioninfo id="" start="1456809913076" dump="1456809913082"/><sessioninfo id="info.ronjenkins.maven.rtr.steps.release.TransformProjectsIntoReleasesTest configureReleaseDescriptor" start="1456809913096" dump="1456809913132"/><sessioninfo id="" start="1456809913137" dump="1456809913207"/><sessioninfo id="info.ronjenkins.maven.rtr.steps.release.RebuildReleaseReactorTest exceptionsArePropagated" start="1456809913216" dump="1456809913440"/><sessioninfo id="" start="1456809913446" dump="1456809913447"/><sessioninfo id="info.ronjenkins.maven.rtr.steps.release.RebuildReleaseReactorTest successfulExecution" start="1456809913453" dump="1456809913743"/><sessioninfo id="" start="1456809913750" dump="1456809913751"/><sessioninfo id="info.ronjenkins.maven.rtr.steps.release.RebuildReleaseReactorTest disabledReleaseMeansNoop" start="1456809913757" dump="1456809913777"/><sessioninfo id="" start="1456809913786" dump="1456809913787"/><sessioninfo id="info.ronjenkins.maven.rtr.steps.release.RebuildReleaseReactorTest assertUOEs" start="1456809913793" dump="1456809913795"/><sessioninfo id="" start="1456809913801" dump="1456809913828"/><sessioninfo id="info.ronjenkins.maven.rtr.steps.PerformSmartReactorSanityChecksTest singleProjectNonPomReactorAlwaysWorks" start="1456809913834" dump="1456809913928"/><sessioninfo id="" start="1456809913934" dump="1456809913935"/><sessioninfo id="info.ronjenkins.maven.rtr.steps.PerformSmartReactorSanityChecksTest twoProjectReactorAlwaysWorks" start="1456809913940" dump="1456809913974"/><sessioninfo id="" start="1456809913980" dump="1456809913981"/><sessioninfo id="info.ronjenkins.maven.rtr.steps.PerformSmartReactorSanityChecksTest singleProjectPomReactorFailsIfNotAllowed" start="1456809913987" dump="1456809913992"/><sessioninfo id="" start="1456809913998" dump="1456809913998"/><sessioninfo id="info.ronjenkins.maven.rtr.steps.PerformSmartReactorSanityChecksTest singleProjectPomReactorWorksIfAllowed" start="1456809914004" dump="1456809914009"/><sessioninfo id="" start="1456809914014" dump="1456809914039"/><sessioninfo id="info.ronjenkins.maven.rtr.steps.BuildSmartReactorTest onlySnapshotsRemain" start="1456809914045" dump="1456809914088"/><sessioninfo id="" start="1456809914095" dump="1456809914106"/><sessioninfo id="info.ronjenkins.maven.rtr.steps.RebuildProjectDependencyGraphTest successfulExecution" start="1456809914112" dump="1456809914232"/><sessioninfo id="" start="1456809914238" dump="1456809914242"/><sessioninfo id="info.ronjenkins.maven.rtr.steps.RebuildProjectDependencyGraphTest exceptionsGetTranslated" start="1456809914251" dump="1456809914272"/><sessioninfo id="" start="1456809914278" dump="1456809914301"/><sessioninfo id="info.ronjenkins.maven.rtr.steps.ValidateSmartReactorEligibilityTest mavenReleasePluginInGoalsIsNotEligible" start="1456809914308" dump="1456809914350"/><sessioninfo id="" start="1456809914361" dump="1456809914364"/><sessioninfo id="info.ronjenkins.maven.rtr.steps.ValidateSmartReactorEligibilityTest parentSnapshotAndChildSnapshotIsEligible" start="1456809914378" dump="1456809914428"/><sessioninfo id="" start="1456809914434" dump="1456809914435"/><sessioninfo id="info.ronjenkins.maven.rtr.steps.ValidateSmartReactorEligibilityTest mavenReleasePluginInGoalsFullyQualifiedIsNotEligible" start="1456809914441" dump="1456809914446"/><sessioninfo id="" start="1456809914451" dump="1456809914452"/><sessioninfo id="info.ronjenkins.maven.rtr.steps.ValidateSmartReactorEligibilityTest singleReleaseIsNotEligible" start="1456809914457" dump="1456809914463"/><sessioninfo id="" start="1456809914469" dump="1456809914470"/><sessioninfo id="info.ronjenkins.maven.rtr.steps.ValidateSmartReactorEligibilityTest otherApachePluginsInPomIsEligible" start="1456809914475" dump="1456809914481"/><sessioninfo id="" start="1456809914488" dump="1456809914488"/><sessioninfo id="info.ronjenkins.maven.rtr.steps.ValidateSmartReactorEligibilityTest threeGenerationSnapshotFamilyWithReleaseChildIsNotEligible" start="1456809914494" dump="1456809914556"/><sessioninfo id="" start="1456809914565" dump="1456809914566"/><sessioninfo id="info.ronjenkins.maven.rtr.steps.ValidateSmartReactorEligibilityTest singleSnapshotIsEligible" start="1456809914572" dump="1456809914595"/><sessioninfo id="" start="1456809914609" dump="1456809914610"/><sessioninfo id="info.ronjenkins.maven.rtr.steps.ValidateSmartReactorEligibilityTest mavenReleasePluginInPomIsNotEligible" start="1456809914623" dump="1456809914631"/><sessioninfo id="" start="1456809914641" dump="1456809914642"/><sessioninfo id="info.ronjenkins.maven.rtr.steps.ValidateSmartReactorEligibilityTest parentSnapshotAndChildReleaseIsEligible" start="1456809914647" dump="1456809914683"/><sessioninfo id="" start="1456809914689" dump="1456809914690"/><sessioninfo id="info.ronjenkins.maven.rtr.steps.ValidateSmartReactorEligibilityTest otherGoalsIsEligible" start="1456809914696" dump="1456809914702"/><sessioninfo id="" start="1456809914708" dump="1456809914709"/><sessioninfo id="info.ronjenkins.maven.rtr.steps.ValidateSmartReactorEligibilityTest otherGroupIdsInPomIsEligible" start="1456809914715" dump="1456809914720"/><sessioninfo id="" start="1456809914726" dump="1456809914727"/><sessioninfo id="info.ronjenkins.maven.rtr.steps.ValidateSmartReactorEligibilityTest threeGenerationSnapshotFamilyIsEligible" start="1456809914732" dump="1456809914794"/><sessioninfo id="" start="1456809914800" dump="1456809914822"/><sessioninfo id="info.ronjenkins.maven.rtr.RTRComponentsTest noNullProjectBuilder" start="1456809914828" dump="1456809914830"/><sessioninfo id="" start="1456809914836" dump="1456809914836"/><sessioninfo id="info.ronjenkins.maven.rtr.RTRComponentsTest projectBuilder" start="1456809914842" dump="1456809914843"/><sessioninfo id="" start="1456809914849" dump="1456809914857"/><sessioninfo id="info.ronjenkins.maven.rtr.releasephases.DefensiveRestoreBackupPomsPhaseTest backupPomsNotCreatedMeansNoop" start="1456809914863" dump="1456809914906"/><sessioninfo id="" start="1456809914912" dump="1456809914913"/><sessioninfo id="info.ronjenkins.maven.rtr.releasephases.DefensiveRestoreBackupPomsPhaseTest simulateEqualsExecute" start="1456809914920" dump="1456809914941"/><sessioninfo id="" start="1456809914948" dump="1456809914948"/><sessioninfo id="info.ronjenkins.maven.rtr.releasephases.DefensiveRestoreBackupPomsPhaseTest backupPomsCreatedMeansSuccessfulExecution" start="1456809914956" dump="1456809915050"/><sessioninfo id="" start="1456809915057" dump="1456809915082"/><sessioninfo id="info.ronjenkins.maven.rtr.releasephases.RemoveBackupPomsPhaseTest backupPomsNotCreatedMeansNoop" start="1456809915088" dump="1456809915121"/><sessioninfo id="" start="1456809915127" dump="1456809915127"/><sessioninfo id="info.ronjenkins.maven.rtr.releasephases.RemoveBackupPomsPhaseTest simulateEqualsExecute" start="1456809915134" dump="1456809915156"/><sessioninfo id="" start="1456809915162" dump="1456809915163"/><sessioninfo id="info.ronjenkins.maven.rtr.releasephases.RemoveBackupPomsPhaseTest backupPomsCreatedMeansSuccessfulExecution" start="1456809915170" dump="1456809915200"/><sessioninfo id="" start="1456809915207" dump="1456809915249"/><sessioninfo id="info.ronjenkins.maven.rtr.releasephases.ConditionalCheckDependencySnapshotsPhaseTest notAllowedMeansSuccessfulExecution" start="1456809915256" dump="1456809915420"/><sessioninfo id="" start="1456809915428" dump="1456809915429"/><sessioninfo id="info.ronjenkins.maven.rtr.releasephases.ConditionalCheckDependencySnapshotsPhaseTest simulateEqualsExecute" start="1456809915435" dump="1456809915453"/><sessioninfo id="" start="1456809915461" dump="1456809915461"/><sessioninfo id="info.ronjenkins.maven.rtr.releasephases.ConditionalCheckDependencySnapshotsPhaseTest allowedMeansNoop" start="1456809915468" dump="1456809915472"/><sessioninfo id="" start="1456809915479" dump="1456809915503"/><sessioninfo id="info.ronjenkins.maven.rtr.releasephases.IndicatePresenceOfBackupPomsPhaseTest simulateEqualsExecute" start="1456809915510" dump="1456809915538"/><sessioninfo id="" start="1456809915545" dump="1456809915545"/><sessioninfo id="info.ronjenkins.maven.rtr.releasephases.IndicatePresenceOfBackupPomsPhaseTest successfulExecution" start="1456809915552" dump="1456809915552"/><sessioninfo id="" start="1456809915559" dump="1456809915565"/><sessioninfo id="util.PrivateNoArgConstructorCoverageTest cover" start="1456809915572" dump="1456809915573"/><sessioninfo id="util.PrivateNoArgConstructorCoverageTest cover" start="1456809915580" dump="1456809915594"/><package name="info/ronjenkins/maven/rtr/steps"><class name="info/ronjenkins/maven/rtr/steps/RebuildProjectDependencyGraph"><method name="&lt;init&gt;" desc="()V" line="34"><counter type="INSTRUCTION" missed="0" covered="3"/><counter type="LINE" missed="0" covered="1"/><counter type="COMPLEXITY" missed="0" covered="1"/><counter type="METHOD" missed="0" covered="1"/></method><method name="execute" desc="(Lorg/apache/maven/execution/MavenSession;Linfo/ronjenkins/maven/rtr/RTRComponents;)V" line="39"><counter type="INSTRUCTION" missed="0" covered="20"/><counter type="LINE" missed="0" covered="6"/><counter type="COMPLEXITY" missed="0" covered="1"/><counter type="METHOD" missed="0" covered="1"/></method><counter type="INSTRUCTION" missed="0" covered="23"/><counter type="LINE" missed="0" covered="7"/><counter type="COMPLEXITY" missed="0" covered="2"/><counter type="METHOD" missed="0" covered="2"/><counter type="CLASS" missed="0" covered="1"/></class><class name="info/ronjenkins/maven/rtr/steps/ValidateSmartReactorEligibility"><method name="&lt;init&gt;" desc="()V" line="38"><counter type="INSTRUCTION" missed="0" covered="3"/><counter type="LINE" missed="0" covered="1"/><counter type="COMPLEXITY" missed="0" covered="1"/><counter type="METHOD" missed="0" covered="1"/></method><method name="execute" desc="(Lorg/apache/maven/execution/MavenSession;Linfo/ronjenkins/maven/rtr/RTRComponents;)V" line="43"><counter type="INSTRUCTION" missed="0" covered="240"/><counter type="BRANCH" missed="0" covered="32"/><counter type="LINE" missed="0" covered="43"/><counter type="COMPLEXITY" missed="0" covered="17"/><counter type="METHOD" missed="0" covered="1"/></method><counter type="INSTRUCTION" missed="0" covered="243"/><counter type="BRANCH" missed="0" covered="32"/><counter type="LINE" missed="0" covered="44"/><counter type="COMPLEXITY" missed="0" covered="18"/><counter type="METHOD" missed="0" covered="2"/><counter type="CLASS" missed="0" covered="1"/></class><class name="info/ronjenkins/maven/rtr/steps/BuildSmartReactor"><method name="&lt;init&gt;" desc="()V" line="32"><counter type="INSTRUCTION" missed="0" covered="3"/><counter type="LINE" missed="0" covered="1"/><counter type="COMPLEXITY" missed="0" covered="1"/><counter type="METHOD" missed="0" covered="1"/></method><method name="execute" desc="(Lorg/apache/maven/execution/MavenSession;Linfo/ronjenkins/maven/rtr/RTRComponents;)V" line="38"><counter type="INSTRUCTION" missed="0" covered="19"/><counter type="BRANCH" missed="0" covered="4"/><counter type="LINE" missed="0" covered="6"/><counter type="COMPLEXITY" missed="0" covered="3"/><counter type="METHOD" missed="0" covered="1"/></method><counter type="INSTRUCTION" missed="0" covered="22"/><counter type="BRANCH" missed="0" covered="4"/><counter type="LINE" missed="0" covered="7"/><counter type="COMPLEXITY" missed="0" covered="4"/><counter type="METHOD" missed="0" covered="2"/><counter type="CLASS" missed="0" covered="1"/></class><class name="info/ronjenkins/maven/rtr/steps/AbstractSmartReactorStep"><method name="&lt;init&gt;" desc="()V" line="26"><counter type="INSTRUCTION" missed="0" covered="3"/><counter type="LINE" missed="0" covered="1"/><counter type="COMPLEXITY" missed="0" covered="1"/><counter type="METHOD" missed="0" covered="1"/></method><counter type="INSTRUCTION" missed="0" covered="3"/><counter type="LINE" missed="0" covered="1"/><counter type="COMPLEXITY" missed="0" covered="1"/><counter type="METHOD" missed="0" covered="1"/><counter type="CLASS" missed="0" covered="1"/></class><class name="info/ronjenkins/maven/rtr/steps/PerformSmartReactorSanityChecks"><method name="&lt;init&gt;" desc="()V" line="33"><counter type="INSTRUCTION" missed="0" covered="3"/><counter type="LINE" missed="0" covered="1"/><counter type="COMPLEXITY" missed="0" covered="1"/><counter type="METHOD" missed="0" covered="1"/></method><method name="execute" desc="(Lorg/apache/maven/execution/MavenSession;Linfo/ronjenkins/maven/rtr/RTRComponents;)V" line="38"><counter type="INSTRUCTION" missed="0" covered="28"/><counter type="BRANCH" missed="0" covered="6"/><counter type="LINE" missed="0" covered="6"/><counter type="COMPLEXITY" missed="0" covered="4"/><counter type="METHOD" missed="0" covered="1"/></method><counter type="INSTRUCTION" missed="0" covered="31"/><counter type="BRANCH" missed="0" covered="6"/><counter type="LINE" missed="0" covered="7"/><counter type="COMPLEXITY" missed="0" covered="5"/><counter type="METHOD" missed="0" covered="2"/><counter type="CLASS" missed="0" covered="1"/></class><sourcefile name="ValidateSmartReactorEligibility.java"><line nr="38" mi="0" ci="3" mb="0" cb="0"/><line nr="43" mi="0" ci="11" mb="0" cb="2"/><line nr="44" mi="0" ci="8" mb="0" cb="4"/><line nr="46" mi="0" ci="4" mb="0" cb="0"/><line nr="47" mi="0" ci="5" mb="0" cb="0"/><line nr="50" mi="0" ci="1" mb="0" cb="0"/><line nr="52" mi="0" ci="4" mb="0" cb="0"/><line nr="53" mi="0" ci="11" mb="0" cb="2"/><line nr="54" mi="0" ci="11" mb="0" cb="2"/><line nr="55" mi="0" ci="10" mb="0" cb="4"/><line nr="57" mi="0" ci="4" mb="0" cb="0"/><line nr="59" mi="0" ci="1" mb="0" cb="0"/><line nr="60" mi="0" ci="1" mb="0" cb="0"/><line nr="61" mi="0" ci="3" mb="0" cb="2"/><line nr="62" mi="0" ci="4" mb="0" cb="0"/><line nr="63" mi="0" ci="10" mb="0" cb="2"/><line nr="64" mi="0" ci="13" mb="0" cb="0"/><line nr="66" mi="0" ci="1" mb="0" cb="0"/><line nr="67" mi="0" ci="4" mb="0" cb="0"/><line nr="68" mi="0" ci="5" mb="0" cb="0"/><line nr="72" mi="0" ci="3" mb="0" cb="0"/><line nr="73" mi="0" ci="4" mb="0" cb="2"/><line nr="74" mi="0" ci="4" mb="0" cb="0"/><line nr="75" mi="0" ci="13" mb="0" cb="0"/><line nr="76" mi="0" ci="4" mb="0" cb="0"/><line nr="77" mi="0" ci="5" mb="0" cb="0"/><line nr="81" mi="0" ci="3" mb="0" cb="0"/><line nr="82" mi="0" ci="4" mb="0" cb="0"/><line nr="83" mi="0" ci="11" mb="0" cb="2"/><line nr="84" mi="0" ci="4" mb="0" cb="2"/><line nr="85" mi="0" ci="13" mb="0" cb="2"/><line nr="87" mi="0" ci="4" mb="0" cb="2"/><line nr="88" mi="0" ci="4" mb="0" cb="0"/><line nr="90" mi="0" ci="1" mb="0" cb="0"/><line nr="92" mi="0" ci="1" mb="0" cb="0"/><line nr="94" mi="0" ci="3" mb="0" cb="2"/><line nr="95" mi="0" ci="4" mb="0" cb="0"/><line nr="96" mi="0" ci="4" mb="0" cb="0"/><line nr="98" mi="0" ci="10" mb="0" cb="2"/><line nr="99" mi="0" ci="19" mb="0" cb="0"/><line nr="101" mi="0" ci="1" mb="0" cb="0"/><line nr="102" mi="0" ci="4" mb="0" cb="0"/><line nr="103" mi="0" ci="5" mb="0" cb="0"/><line nr="106" mi="0" ci="1" mb="0" cb="0"/><counter type="INSTRUCTION" missed="0" covered="243"/><counter type="BRANCH" missed="0" covered="32"/><counter type="LINE" missed="0" covered="44"/><counter type="COMPLEXITY" missed="0" covered="18"/><counter type="METHOD" missed="0" covered="2"/><counter type="CLASS" missed="0" covered="1"/></sourcefile><sourcefile name="PerformSmartReactorSanityChecks.java"><line nr="33" mi="0" ci="3" mb="0" cb="0"/><line nr="38" mi="0" ci="5" mb="0" cb="2"/><line nr="39" mi="0" ci="3" mb="0" cb="0"/><line nr="40" mi="0" ci="10" mb="0" cb="4"/><line nr="42" mi="0" ci="4" mb="0" cb="0"/><line nr="43" mi="0" ci="5" mb="0" cb="0"/><line nr="48" mi="0" ci="1" mb="0" cb="0"/><counter type="INSTRUCTION" missed="0" covered="31"/><counter type="BRANCH" missed="0" covered="6"/><counter type="LINE" missed="0" covered="7"/><counter type="COMPLEXITY" missed="0" covered="5"/><counter type="METHOD" missed="0" covered="2"/><counter type="CLASS" missed="0" covered="1"/></sourcefile><sourcefile name="AbstractSmartReactorStep.java"><line nr="26" mi="0" ci="3" mb="0" cb="0"/><counter type="INSTRUCTION" missed="0" covered="3"/><counter type="LINE" missed="0" covered="1"/><counter type="COMPLEXITY" missed="0" covered="1"/><counter type="METHOD" missed="0" covered="1"/><counter type="CLASS" missed="0" covered="1"/></sourcefile><sourcefile name="RebuildProjectDependencyGraph.java"><line nr="34" mi="0" ci="3" mb="0" cb="0"/><line nr="39" mi="0" ci="7" mb="0" cb="0"/><line nr="42" mi="0" ci="1" mb="0" cb="0"/><line nr="43" mi="0" ci="4" mb="0" cb="0"/><line nr="44" mi="0" ci="6" mb="0" cb="0"/><line nr="46" mi="0" ci="1" mb="0" cb="0"/><line nr="47" mi="0" ci="1" mb="0" cb="0"/><counter type="INSTRUCTION" missed="0" covered="23"/><counter type="LINE" missed="0" covered="7"/><counter type="COMPLEXITY" missed="0" covered="2"/><counter type="METHOD" missed="0" covered="2"/><counter type="CLASS" missed="0" covered="1"/></sourcefile><sourcefile name="BuildSmartReactor.java"><line nr="32" mi="0" ci="3" mb="0" cb="0"/><line nr="38" mi="0" ci="4" mb="0" cb="0"/><line nr="40" mi="0" ci="3" mb="0" cb="2"/><line nr="41" mi="0" ci="4" mb="0" cb="0"/><line nr="42" mi="0" ci="4" mb="0" cb="2"/><line nr="43" mi="0" ci="3" mb="0" cb="0"/><line nr="46" mi="0" ci="1" mb="0" cb="0"/><counter type="INSTRUCTION" missed="0" covered="22"/><counter type="BRANCH" missed="0" covered="4"/><counter type="LINE" missed="0" covered="7"/><counter type="COMPLEXITY" missed="0" covered="4"/><counter type="METHOD" missed="0" covered="2"/><counter type="CLASS" missed="0" covered="1"/></sourcefile><counter type="INSTRUCTION" missed="0" covered="322"/><counter type="BRANCH" missed="0" covered="42"/><counter type="LINE" missed="0" covered="66"/><counter type="COMPLEXITY" missed="0" covered="30"/><counter type="METHOD" missed="0" covered="9"/><counter type="CLASS" missed="0" covered="5"/></package><package name="info/ronjenkins/maven/rtr/exceptions"><class name="info/ronjenkins/maven/rtr/exceptions/SmartReactorSanityCheckException"><method name="&lt;init&gt;" desc="(Ljava/lang/String;)V" line="35"><counter type="INSTRUCTION" missed="0" covered="8"/><counter type="LINE" missed="0" covered="2"/><counter type="COMPLEXITY" missed="0" covered="1"/><counter type="METHOD" missed="0" covered="1"/></method><counter type="INSTRUCTION" missed="0" covered="8"/><counter type="LINE" missed="0" covered="2"/><counter type="COMPLEXITY" missed="0" covered="1"/><counter type="METHOD" missed="0" covered="1"/><counter type="CLASS" missed="0" covered="1"/></class><class name="info/ronjenkins/maven/rtr/exceptions/SmartReactorReleaseException"><method name="&lt;init&gt;" desc="(Ljava/lang/String;)V" line="37"><counter type="INSTRUCTION" missed="0" covered="13"/><counter type="BRANCH" missed="0" covered="2"/><counter type="LINE" missed="0" covered="2"/><counter type="COMPLEXITY" missed="0" covered="2"/><counter type="METHOD" missed="0" covered="1"/></method><method name="&lt;init&gt;" desc="(Ljava/lang/Throwable;)V" line="48"><counter type="INSTRUCTION" missed="0" covered="5"/><counter type="LINE" missed="0" covered="2"/><counter type="COMPLEXITY" missed="0" covered="1"/><counter type="METHOD" missed="0" covered="1"/></method><counter type="INSTRUCTION" missed="0" covered="18"/><counter type="BRANCH" missed="0" covered="2"/><counter type="LINE" missed="0" covered="4"/><counter type="COMPLEXITY" missed="0" covered="3"/><counter type="METHOD" missed="0" covered="2"/><counter type="CLASS" missed="0" covered="1"/></class><sourcefile name="SmartReactorReleaseException.java"><line nr="37" mi="0" ci="12" mb="0" cb="2"/><line nr="39" mi="0" ci="1" mb="0" cb="0"/><line nr="48" mi="0" ci="4" mb="0" cb="0"/><line nr="49" mi="0" ci="1" mb="0" cb="0"/><counter type="INSTRUCTION" missed="0" covered="18"/><counter type="BRANCH" missed="0" covered="2"/><counter type="LINE" missed="0" covered="4"/><counter type="COMPLEXITY" missed="0" covered="3"/><counter type="METHOD" missed="0" covered="2"/><counter type="CLASS" missed="0" covered="1"/></sourcefile><sourcefile name="SmartReactorSanityCheckException.java"><line nr="35" mi="0" ci="7" mb="0" cb="0"/><line nr="37" mi="0" ci="1" mb="0" cb="0"/><counter type="INSTRUCTION" missed="0" covered="8"/><counter type="LINE" missed="0" covered="2"/><counter type="COMPLEXITY" missed="0" covered="1"/><counter type="METHOD" missed="0" covered="1"/><counter type="CLASS" missed="0" covered="1"/></sourcefile><counter type="INSTRUCTION" missed="0" covered="26"/><counter type="BRANCH" missed="0" covered="2"/><counter type="LINE" missed="0" covered="6"/><counter type="COMPLEXITY" missed="0" covered="4"/><counter type="METHOD" missed="0" covered="3"/><counter type="CLASS" missed="0" covered="2"/></package><package name="info/ronjenkins/maven/rtr/steps/release"><class name="info/ronjenkins/maven/rtr/steps/release/RebuildReleaseReactor"><method name="&lt;init&gt;" desc="()V" line="40"><counter type="INSTRUCTION" missed="0" covered="3"/><counter type="LINE" missed="0" covered="1"/><counter type="COMPLEXITY" missed="0" covered="1"/><counter type="METHOD" missed="0" covered="1"/></method><method name="getAnnouncement" desc="()Ljava/lang/String;" line="43"><counter type="INSTRUCTION" missed="0" covered="2"/><counter type="LINE" missed="0" covered="1"/><counter type="COMPLEXITY" missed="0" covered="1"/><counter type="METHOD" missed="0" covered="1"/></method><method name="getReleasePhases" desc="()Ljava/util/List;" line="48"><counter type="INSTRUCTION" missed="0" covered="4"/><counter type="LINE" missed="0" covered="1"/><counter type="COMPLEXITY" missed="0" covered="1"/><counter type="METHOD" missed="0" covered="1"/></method><method name="getRollbackPhases" desc="()Ljava/util/List;" line="53"><counter type="INSTRUCTION" missed="0" covered="4"/><counter type="LINE" missed="0" covered="1"/><counter type="COMPLEXITY" missed="0" covered="1"/><counter type="METHOD" missed="0" covered="1"/></method><method name="releaseExecute" desc="(Lorg/apache/maven/execution/MavenSession;Linfo/ronjenkins/maven/rtr/RTRComponents;)V" line="59"><counter type="INSTRUCTION" missed="0" covered="65"/><counter type="BRANCH" missed="0" covered="4"/><counter type="LINE" missed="0" covered="18"/><counter type="COMPLEXITY" missed="0" covered="3"/><counter type="METHOD" missed="0" covered="1"/></method><counter type="INSTRUCTION" missed="0" covered="78"/><counter type="BRANCH" missed="0" covered="4"/><counter type="LINE" missed="0" covered="22"/><counter type="COMPLEXITY" missed="0" covered="7"/><counter type="METHOD" missed="0" covered="5"/><counter type="CLASS" missed="0" covered="1"/></class><class name="info/ronjenkins/maven/rtr/steps/release/AbstractSmartReactorReleaseStep"><method name="&lt;init&gt;" desc="()V" line="44"><counter type="INSTRUCTION" missed="0" covered="3"/><counter type="LINE" missed="0" covered="1"/><counter type="COMPLEXITY" missed="0" covered="1"/><counter type="METHOD" missed="0" covered="1"/></method><method name="configureReleaseDescriptor" desc="(Lorg/apache/maven/execution/MavenSession;Linfo/ronjenkins/maven/rtr/RTRComponents;)V" line="65"><counter type="INSTRUCTION" missed="0" covered="1"/><counter type="LINE" missed="0" covered="1"/><counter type="COMPLEXITY" missed="0" covered="1"/><counter type="METHOD" missed="0" covered="1"/></method><method name="execute" desc="(Lorg/apache/maven/execution/MavenSession;Linfo/ronjenkins/maven/rtr/RTRComponents;)V" line="70"><counter type="INSTRUCTION" missed="0" covered="18"/><counter type="BRANCH" missed="0" covered="2"/><counter type="LINE" missed="0" covered="5"/><counter type="COMPLEXITY" missed="0" covered="2"/><counter type="METHOD" missed="0" covered="1"/></method><method name="releaseExecute" desc="(Lorg/apache/maven/execution/MavenSession;Linfo/ronjenkins/maven/rtr/RTRComponents;)V" line="117"><counter type="INSTRUCTION" missed="0" covered="37"/><counter type="LINE" missed="0" covered="13"/><counter type="COMPLEXITY" missed="0" covered="1"/><counter type="METHOD" missed="0" covered="1"/></method><method name="runPhases" desc="(Ljava/util/List;Ljava/util/List;)V" line="145"><counter type="INSTRUCTION" missed="0" covered="59"/><counter type="BRANCH" missed="0" covered="6"/><counter type="LINE" missed="0" covered="12"/><counter type="COMPLEXITY" missed="0" covered="4"/><counter type="METHOD" missed="0" covered="1"/></method><counter type="INSTRUCTION" missed="0" covered="118"/><counter type="BRANCH" missed="0" covered="8"/><counter type="LINE" missed="0" covered="32"/><counter type="COMPLEXITY" missed="0" covered="9"/><counter type="METHOD" missed="0" covered="5"/><counter type="CLASS" missed="0" covered="1"/></class><class name="info/ronjenkins/maven/rtr/steps/release/DoPostReleaseFailure"><method name="&lt;init&gt;" desc="()V" line="30"><counter type="INSTRUCTION" missed="0" covered="3"/><counter type="LINE" missed="0" covered="1"/><counter type="COMPLEXITY" missed="0" covered="1"/><counter type="METHOD" missed="0" covered="1"/></method><method name="getAnnouncement" desc="()Ljava/lang/String;" line="36"><counter type="INSTRUCTION" missed="0" covered="2"/><counter type="LINE" missed="0" covered="1"/><counter type="COMPLEXITY" missed="0" covered="1"/><counter type="METHOD" missed="0" covered="1"/></method><method name="getReleasePhases" desc="()Ljava/util/List;" line="41"><counter type="INSTRUCTION" missed="0" covered="3"/><counter type="LINE" missed="0" covered="1"/><counter type="COMPLEXITY" missed="0" covered="1"/><counter type="METHOD" missed="0" covered="1"/></method><method name="getRollbackPhases" desc="()Ljava/util/List;" line="46"><counter type="INSTRUCTION" missed="0" covered="3"/><counter type="LINE" missed="0" covered="1"/><counter type="COMPLEXITY" missed="0" covered="1"/><counter type="METHOD" missed="0" covered="1"/></method><counter type="INSTRUCTION" missed="0" covered="11"/><counter type="LINE" missed="0" covered="4"/><counter type="COMPLEXITY" missed="0" covered="4"/><counter type="METHOD" missed="0" covered="4"/><counter type="CLASS" missed="0" covered="1"/></class><class name="info/ronjenkins/maven/rtr/steps/release/DoPostReleaseSuccess"><method name="&lt;init&gt;" desc="()V" line="30"><counter type="INSTRUCTION" missed="0" covered="3"/><counter type="LINE" missed="0" covered="1"/><counter type="COMPLEXITY" missed="0" covered="1"/><counter type="METHOD" missed="0" covered="1"/></method><method name="getAnnouncement" desc="()Ljava/lang/String;" line="36"><counter type="INSTRUCTION" missed="0" covered="2"/><counter type="LINE" missed="0" covered="1"/><counter type="COMPLEXITY" missed="0" covered="1"/><counter type="METHOD" missed="0" covered="1"/></method><method name="getReleasePhases" desc="()Ljava/util/List;" line="41"><counter type="INSTRUCTION" missed="0" covered="3"/><counter type="LINE" missed="0" covered="1"/><counter type="COMPLEXITY" missed="0" covered="1"/><counter type="METHOD" missed="0" covered="1"/></method><method name="getRollbackPhases" desc="()Ljava/util/List;" line="46"><counter type="INSTRUCTION" missed="0" covered="3"/><counter type="LINE" missed="0" covered="1"/><counter type="COMPLEXITY" missed="0" covered="1"/><counter type="METHOD" missed="0" covered="1"/></method><counter type="INSTRUCTION" missed="0" covered="11"/><counter type="LINE" missed="0" covered="4"/><counter type="COMPLEXITY" missed="0" covered="4"/><counter type="METHOD" missed="0" covered="4"/><counter type="CLASS" missed="0" covered="1"/></class><class name="info/ronjenkins/maven/rtr/steps/release/TransformProjectsIntoReleases"><method name="&lt;init&gt;" desc="()V" line="34"><counter type="INSTRUCTION" missed="0" covered="3"/><counter type="LINE" missed="0" covered="1"/><counter type="COMPLEXITY" missed="0" covered="1"/><counter type="METHOD" missed="0" covered="1"/></method><method name="configureReleaseDescriptor" desc="(Lorg/apache/maven/execution/MavenSession;Linfo/ronjenkins/maven/rtr/RTRComponents;)V" line="42"><counter type="INSTRUCTION" missed="0" covered="68"/><counter type="BRANCH" missed="0" covered="8"/><counter type="LINE" missed="0" covered="18"/><counter type="COMPLEXITY" missed="0" covered="5"/><counter type="METHOD" missed="0" covered="1"/></method><method name="getAnnouncement" desc="()Ljava/lang/String;" line="73"><counter type="INSTRUCTION" missed="0" covered="2"/><counter type="LINE" missed="0" covered="1"/><counter type="COMPLEXITY" missed="0" covered="1"/><counter type="METHOD" missed="0" covered="1"/></method><method name="getReleasePhases" desc="()Ljava/util/List;" line="78"><counter type="INSTRUCTION" missed="0" covered="3"/><counter type="LINE" missed="0" covered="1"/><counter type="COMPLEXITY" missed="0" covered="1"/><counter type="METHOD" missed="0" covered="1"/></method><method name="getRollbackPhases" desc="()Ljava/util/List;" line="83"><counter type="INSTRUCTION" missed="0" covered="3"/><counter type="LINE" missed="0" covered="1"/><counter type="COMPLEXITY" missed="0" covered="1"/><counter type="METHOD" missed="0" covered="1"/></method><counter type="INSTRUCTION" missed="0" covered="79"/><counter type="BRANCH" missed="0" covered="8"/><counter type="LINE" missed="0" covered="22"/><counter type="COMPLEXITY" missed="0" covered="9"/><counter type="METHOD" missed="0" covered="5"/><counter type="CLASS" missed="0" covered="1"/></class><sourcefile name="DoPostReleaseSuccess.java"><line nr="30" mi="0" ci="3" mb="0" cb="0"/><line nr="36" mi="0" ci="2" mb="0" cb="0"/><line nr="41" mi="0" ci="3" mb="0" cb="0"/><line nr="46" mi="0" ci="3" mb="0" cb="0"/><counter type="INSTRUCTION" missed="0" covered="11"/><counter type="LINE" missed="0" covered="4"/><counter type="COMPLEXITY" missed="0" covered="4"/><counter type="METHOD" missed="0" covered="4"/><counter type="CLASS" missed="0" covered="1"/></sourcefile><sourcefile name="RebuildReleaseReactor.java"><line nr="40" mi="0" ci="3" mb="0" cb="0"/><line nr="43" mi="0" ci="2" mb="0" cb="0"/><line nr="48" mi="0" ci="4" mb="0" cb="0"/><line nr="53" mi="0" ci="4" mb="0" cb="0"/><line nr="59" mi="0" ci="3" mb="0" cb="0"/><line nr="60" mi="0" ci="6" mb="0" cb="0"/><line nr="61" mi="0" ci="3" mb="0" cb="0"/><line nr="65" mi="0" ci="10" mb="0" cb="2"/><line nr="66" mi="0" ci="3" mb="0" cb="0"/><line nr="68" mi="0" ci="6" mb="0" cb="0"/><line nr="71" mi="0" ci="1" mb="0" cb="0"/><line nr="72" mi="0" ci="4" mb="0" cb="0"/><line nr="73" mi="0" ci="5" mb="0" cb="0"/><line nr="74" mi="0" ci="1" mb="0" cb="0"/><line nr="75" mi="0" ci="3" mb="0" cb="0"/><line nr="76" mi="0" ci="3" mb="0" cb="2"/><line nr="77" mi="0" ci="3" mb="0" cb="0"/><line nr="79" mi="0" ci="4" mb="0" cb="0"/><line nr="80" mi="0" ci="1" mb="0" cb="0"/><line nr="83" mi="0" ci="3" mb="0" cb="0"/><line nr="84" mi="0" ci="5" mb="0" cb="0"/><line nr="85" mi="0" ci="1" mb="0" cb="0"/><counter type="INSTRUCTION" missed="0" covered="78"/><counter type="BRANCH" missed="0" covered="4"/><counter type="LINE" missed="0" covered="22"/><counter type="COMPLEXITY" missed="0" covered="7"/><counter type="METHOD" missed="0" covered="5"/><counter type="CLASS" missed="0" covered="1"/></sourcefile><sourcefile name="TransformProjectsIntoReleases.java"><line nr="34" mi="0" ci="3" mb="0" cb="0"/><line nr="42" mi="0" ci="3" mb="0" cb="0"/><line nr="43" mi="0" ci="6" mb="0" cb="0"/><line nr="45" mi="0" ci="6" mb="0" cb="0"/><line nr="47" mi="0" ci="6" mb="0" cb="0"/><line nr="49" mi="0" ci="6" mb="0" cb="0"/><line nr="51" mi="0" ci="4" mb="0" cb="0"/><line nr="53" mi="0" ci="2" mb="0" cb="2"/><line nr="54" mi="0" ci="4" mb="0" cb="0"/><line nr="56" mi="0" ci="4" mb="0" cb="0"/><line nr="57" mi="0" ci="2" mb="0" cb="2"/><line nr="58" mi="0" ci="4" mb="0" cb="0"/><line nr="60" mi="0" ci="4" mb="0" cb="0"/><line nr="61" mi="0" ci="2" mb="0" cb="2"/><line nr="62" mi="0" ci="4" mb="0" cb="0"/><line nr="64" mi="0" ci="4" mb="0" cb="0"/><line nr="66" mi="0" ci="2" mb="0" cb="2"/><line nr="67" mi="0" ci="4" mb="0" cb="0"/><line nr="69" mi="0" ci="1" mb="0" cb="0"/><line nr="73" mi="0" ci="2" mb="0" cb="0"/><line nr="78" mi="0" ci="3" mb="0" cb="0"/><line nr="83" mi="0" ci="3" mb="0" cb="0"/><counter type="INSTRUCTION" missed="0" covered="79"/><counter type="BRANCH" missed="0" covered="8"/><counter type="LINE" missed="0" covered="22"/><counter type="COMPLEXITY" missed="0" covered="9"/><counter type="METHOD" missed="0" covered="5"/><counter type="CLASS" missed="0" covered="1"/></sourcefile><sourcefile name="DoPostReleaseFailure.java"><line nr="30" mi="0" ci="3" mb="0" cb="0"/><line nr="36" mi="0" ci="2" mb="0" cb="0"/><line nr="41" mi="0" ci="3" mb="0" cb="0"/><line nr="46" mi="0" ci="3" mb="0" cb="0"/><counter type="INSTRUCTION" missed="0" covered="11"/><counter type="LINE" missed="0" covered="4"/><counter type="COMPLEXITY" missed="0" covered="4"/><counter type="METHOD" missed="0" covered="4"/><counter type="CLASS" missed="0" covered="1"/></sourcefile><sourcefile name="AbstractSmartReactorReleaseStep.java"><line nr="44" mi="0" ci="3" mb="0" cb="0"/><line nr="65" mi="0" ci="1" mb="0" cb="0"/><line nr="70" mi="0" ci="4" mb="0" cb="2"/><line nr="71" mi="0" ci="5" mb="0" cb="0"/><line nr="72" mi="0" ci="4" mb="0" cb="0"/><line nr="73" mi="0" ci="4" mb="0" cb="0"/><line nr="75" mi="0" ci="1" mb="0" cb="0"/><line nr="117" mi="0" ci="6" mb="0" cb="0"/><line nr="118" mi="0" ci="3" mb="0" cb="0"/><line nr="121" mi="0" ci="5" mb="0" cb="0"/><line nr="123" mi="0" ci="1" mb="0" cb="0"/><line nr="125" mi="0" ci="4" mb="0" cb="0"/><line nr="127" mi="0" ci="5" mb="0" cb="0"/><line nr="129" mi="0" ci="1" mb="0" cb="0"/><line nr="131" mi="0" ci="3" mb="0" cb="0"/><line nr="132" mi="0" ci="4" mb="0" cb="0"/><line nr="134" mi="0" ci="1" mb="0" cb="0"/><line nr="135" mi="0" ci="2" mb="0" cb="0"/><line nr="136" mi="0" ci="1" mb="0" cb="0"/><line nr="137" mi="0" ci="1" mb="0" cb="0"/><line nr="145" mi="0" ci="10" mb="0" cb="2"/><line nr="146" mi="0" ci="6" mb="0" cb="0"/><line nr="147" mi="0" ci="2" mb="0" cb="2"/><line nr="148" mi="0" ci="14" mb="0" cb="0"/><line nr="152" mi="0" ci="8" mb="0" cb="0"/><line nr="155" mi="0" ci="1" mb="0" cb="0"/><line nr="156" mi="0" ci="5" mb="0" cb="0"/><line nr="157" mi="0" ci="1" mb="0" cb="0"/><line nr="158" mi="0" ci="4" mb="0" cb="2"/><line nr="159" mi="0" ci="6" mb="0" cb="0"/><line nr="161" mi="0" ci="1" mb="0" cb="0"/><line nr="162" mi="0" ci="1" mb="0" cb="0"/><counter type="INSTRUCTION" missed="0" covered="118"/><counter type="BRANCH" missed="0" covered="8"/><counter type="LINE" missed="0" covered="32"/><counter type="COMPLEXITY" missed="0" covered="9"/><counter type="METHOD" missed="0" covered="5"/><counter type="CLASS" missed="0" covered="1"/></sourcefile><counter type="INSTRUCTION" missed="0" covered="297"/><counter type="BRANCH" missed="0" covered="20"/><counter type="LINE" missed="0" covered="84"/><counter type="COMPLEXITY" missed="0" covered="33"/><counter type="METHOD" missed="0" covered="23"/><counter type="CLASS" missed="0" covered="5"/></package><package name="info/ronjenkins/maven/rtr"><class name="info/ronjenkins/maven/rtr/RTRComponents"><method name="&lt;init&gt;" desc="(Lorg/apache/maven/project/ProjectBuilder;)V" line="37"><counter type="INSTRUCTION" missed="0" covered="9"/><counter type="LINE" missed="0" covered="4"/><counter type="COMPLEXITY" missed="0" covered="1"/><counter type="METHOD" missed="0" covered="1"/></method><method name="getProjectBuilder" desc="()Lorg/apache/maven/project/ProjectBuilder;" line="48"><counter type="INSTRUCTION" missed="0" covered="3"/><counter type="LINE" missed="0" covered="1"/><counter type="COMPLEXITY" missed="0" covered="1"/><counter type="METHOD" missed="0" covered="1"/></method><counter type="INSTRUCTION" missed="0" covered="12"/><counter type="LINE" missed="0" covered="5"/><counter type="COMPLEXITY" missed="0" covered="2"/><counter type="METHOD" missed="0" covered="2"/><counter type="CLASS" missed="0" covered="1"/></class><class name="info/ronjenkins/maven/rtr/RTR"><method name="&lt;init&gt;" desc="()V" line="44"><counter type="INSTRUCTION" missed="0" covered="3"/><counter type="LINE" missed="0" covered="1"/><counter type="COMPLEXITY" missed="0" covered="1"/><counter type="METHOD" missed="0" covered="1"/></method><method name="checkForRequiredClasses" desc="()V" line="47"><counter type="INSTRUCTION" missed="0" covered="13"/><counter type="LINE" missed="0" covered="4"/><counter type="COMPLEXITY" missed="0" covered="1"/><counter type="METHOD" missed="0" covered="1"/></method><method name="afterProjectsRead" desc="(Lorg/apache/maven/execution/MavenSession;)V" line="84"><counter type="INSTRUCTION" missed="0" covered="56"/><counter type="BRANCH" missed="0" covered="4"/><counter type="LINE" missed="0" covered="17"/><counter type="COMPLEXITY" missed="0" covered="3"/><counter type="METHOD" missed="0" covered="1"/></method><method name="afterSessionEnd" desc="(Lorg/apache/maven/execution/MavenSession;)V" line="114"><counter type="INSTRUCTION" missed="0" covered="28"/><counter type="BRANCH" missed="0" covered="6"/><counter type="LINE" missed="0" covered="8"/><counter type="COMPLEXITY" missed="0" covered="4"/><counter type="METHOD" missed="0" covered="1"/></method><method name="detectDoubleExecution" desc="(Lorg/apache/maven/execution/MavenSession;)V" line="133"><counter type="INSTRUCTION" missed="0" covered="48"/><counter type="BRANCH" missed="0" covered="6"/><counter type="LINE" missed="0" covered="15"/><counter type="COMPLEXITY" missed="0" covered="4"/><counter type="METHOD" missed="0" covered="1"/></method><method name="executeSteps" desc="(Ljava/util/List;Lorg/apache/maven/execution/MavenSession;Linfo/ronjenkins/maven/rtr/RTRComponents;)V" line="163"><counter type="INSTRUCTION" missed="0" covered="41"/><counter type="BRANCH" missed="0" covered="4"/><counter type="LINE" missed="0" covered="7"/><counter type="COMPLEXITY" missed="0" covered="3"/><counter type="METHOD" missed="0" covered="1"/></method><method name="getExtensions" desc="(Lorg/apache/maven/execution/MavenSession;)Ljava/util/List;" line="177"><counter type="INSTRUCTION" missed="67" covered="0"/><counter type="BRANCH" missed="6" covered="0"/><counter type="LINE" missed="16" covered="0"/><counter type="COMPLEXITY" missed="4" covered="0"/><counter type="METHOD" missed="1" covered="0"/></method><method name="isBackupPomsCreated" desc="()Z" line="214"><counter type="INSTRUCTION" missed="0" covered="3"/><counter type="LINE" missed="0" covered="1"/><counter type="COMPLEXITY" missed="0" covered="1"/><counter type="METHOD" missed="0" covered="1"/></method><method name="isExternalSnapshotsAllowed" desc="()Z" line="224"><counter type="INSTRUCTION" missed="0" covered="3"/><counter type="LINE" missed="0" covered="1"/><counter type="COMPLEXITY" missed="0" covered="1"/><counter type="METHOD" missed="0" covered="1"/></method><method name="isRelease" desc="()Z" line="233"><counter type="INSTRUCTION" missed="0" covered="3"/><counter type="LINE" missed="0" covered="1"/><counter type="COMPLEXITY" missed="0" covered="1"/><counter type="METHOD" missed="0" covered="1"/></method><method name="setBackupPomsCreated" desc="(Z)V" line="244"><counter type="INSTRUCTION" missed="0" covered="4"/><counter type="LINE" missed="0" covered="2"/><counter type="COMPLEXITY" missed="0" covered="1"/><counter type="METHOD" missed="0" covered="1"/></method><counter type="INSTRUCTION" missed="67" covered="202"/><counter type="BRANCH" missed="6" covered="20"/><counter type="LINE" missed="16" covered="57"/><counter type="COMPLEXITY" missed="4" covered="20"/><counter type="METHOD" missed="1" covered="10"/><counter type="CLASS" missed="0" covered="1"/></class><class name="info/ronjenkins/maven/rtr/RTRConfig"><method name="checkParameters" desc="(Lorg/apache/maven/execution/MavenSession;Lorg/apache/maven/project/MavenProject;)V" line="52"><counter type="INSTRUCTION" missed="0" covered="10"/><counter type="BRANCH" missed="0" covered="4"/><counter type="LINE" missed="0" covered="3"/><counter type="COMPLEXITY" missed="0" covered="3"/><counter type="METHOD" missed="0" covered="1"/></method><method name="getFlag" desc="(Ljava/lang/String;ZLorg/apache/maven/execution/MavenSession;Lorg/apache/maven/project/MavenProject;)Z" line="59"><counter type="INSTRUCTION" missed="0" covered="14"/><counter type="BRANCH" missed="0" covered="2"/><counter type="LINE" missed="0" covered="2"/><counter type="COMPLEXITY" missed="0" covered="2"/><counter type="METHOD" missed="0" covered="1"/></method><method name="getProjectVersionPolicyId" desc="(Lorg/apache/maven/execution/MavenSession;Lorg/apache/maven/project/MavenProject;)Ljava/lang/String;" line="75"><counter type="INSTRUCTION" missed="0" covered="10"/><counter type="LINE" missed="0" covered="2"/><counter type="COMPLEXITY" missed="0" covered="1"/><counter type="METHOD" missed="0" covered="1"/></method><method name="getProperty" desc="(Ljava/lang/String;Lorg/apache/maven/execution/MavenSession;Lorg/apache/maven/project/MavenProject;)Ljava/lang/String;" line="83"><counter type="INSTRUCTION" missed="0" covered="24"/><counter type="BRANCH" missed="0" covered="4"/><counter type="LINE" missed="0" covered="5"/><counter type="COMPLEXITY" missed="0" covered="3"/><counter type="METHOD" missed="0" covered="1"/></method><method name="getReleaseVersion" desc="(Lorg/apache/maven/execution/MavenSession;Lorg/apache/maven/project/MavenProject;)Ljava/lang/String;" line="107"><counter type="INSTRUCTION" missed="0" covered="8"/><counter type="LINE" missed="0" covered="2"/><counter type="COMPLEXITY" missed="0" covered="1"/><counter type="METHOD" missed="0" covered="1"/></method><method name="getTag" desc="(Lorg/apache/maven/execution/MavenSession;Lorg/apache/maven/project/MavenProject;)Ljava/lang/String;" line="123"><counter type="INSTRUCTION" missed="0" covered="8"/><counter type="LINE" missed="0" covered="2"/><counter type="COMPLEXITY" missed="0" covered="1"/><counter type="METHOD" missed="0" covered="1"/></method><method name="getTagBase" desc="(Lorg/apache/maven/execution/MavenSession;Lorg/apache/maven/project/MavenProject;)Ljava/lang/String;" line="138"><counter type="INSTRUCTION" missed="0" covered="8"/><counter type="LINE" missed="0" covered="2"/><counter type="COMPLEXITY" missed="0" covered="1"/><counter type="METHOD" missed="0" covered="1"/></method><method name="getTagNameFormat" desc="(Lorg/apache/maven/execution/MavenSession;Lorg/apache/maven/project/MavenProject;)Ljava/lang/String;" line="153"><counter type="INSTRUCTION" missed="0" covered="8"/><counter type="LINE" missed="0" covered="2"/><counter type="COMPLEXITY" missed="0" covered="1"/><counter type="METHOD" missed="0" covered="1"/></method><method name="isAddSchema" desc="(Lorg/apache/maven/execution/MavenSession;Lorg/apache/maven/project/MavenProject;)Z" line="169"><counter type="INSTRUCTION" missed="0" covered="9"/><counter type="LINE" missed="0" covered="2"/><counter type="COMPLEXITY" missed="0" covered="1"/><counter type="METHOD" missed="0" covered="1"/></method><method name="isAllowTimestampedSnapshots" desc="(Lorg/apache/maven/execution/MavenSession;Lorg/apache/maven/project/MavenProject;)Z" line="185"><counter type="INSTRUCTION" missed="0" covered="9"/><counter type="LINE" missed="0" covered="2"/><counter type="COMPLEXITY" missed="0" covered="1"/><counter type="METHOD" missed="0" covered="1"/></method><method name="isAutoVersionSubmodules" desc="(Lorg/apache/maven/execution/MavenSession;Lorg/apache/maven/project/MavenProject;)Z" line="201"><counter type="INSTRUCTION" missed="0" covered="9"/><counter type="LINE" missed="0" covered="2"/><counter type="COMPLEXITY" missed="0" covered="1"/><counter type="METHOD" missed="0" covered="1"/></method><method name="isDisabled" desc="(Lorg/apache/maven/execution/MavenSession;Lorg/apache/maven/project/MavenProject;)Z" line="217"><counter type="INSTRUCTION" missed="0" covered="9"/><counter type="LINE" missed="0" covered="2"/><counter type="COMPLEXITY" missed="0" covered="1"/><counter type="METHOD" missed="0" covered="1"/></method><method name="isExternalSnapshotsAllowed" desc="(Lorg/apache/maven/execution/MavenSession;Lorg/apache/maven/project/MavenProject;)Z" line="234"><counter type="INSTRUCTION" missed="0" covered="9"/><counter type="LINE" missed="0" covered="2"/><counter type="COMPLEXITY" missed="0" covered="1"/><counter type="METHOD" missed="0" covered="1"/></method><method name="isRelease" desc="(Lorg/apache/maven/execution/MavenSession;Lorg/apache/maven/project/MavenProject;)Z" line="253"><counter type="INSTRUCTION" missed="0" covered="9"/><counter type="LINE" missed="0" covered="2"/><counter type="COMPLEXITY" missed="0" covered="1"/><counter type="METHOD" missed="0" covered="1"/></method><method name="isSinglePomReactorAllowed" desc="(Lorg/apache/maven/execution/MavenSession;Lorg/apache/maven/project/MavenProject;)Z" line="270"><counter type="INSTRUCTION" missed="0" covered="9"/><counter type="LINE" missed="0" covered="2"/><counter type="COMPLEXITY" missed="0" covered="1"/><counter type="METHOD" missed="0" covered="1"/></method><method name="&lt;init&gt;" desc="()V" line="276"><counter type="INSTRUCTION" missed="0" covered="3"/><counter type="LINE" missed="0" covered="1"/><counter type="COMPLEXITY" missed="0" covered="1"/><counter type="METHOD" missed="0" covered="1"/></method><counter type="INSTRUCTION" missed="0" covered="156"/><counter type="BRANCH" missed="0" covered="10"/><counter type="LINE" missed="0" covered="35"/><counter type="COMPLEXITY" missed="0" covered="21"/><counter type="METHOD" missed="0" covered="16"/><counter type="CLASS" missed="0" covered="1"/></class><sourcefile name="RTR.java"><line nr="44" mi="0" ci="3" mb="0" cb="0"/><line nr="47" mi="0" ci="7" mb="0" cb="0"/><line nr="48" mi="0" ci="4" mb="0" cb="0"/><line nr="50" mi="0" ci="1" mb="0" cb="0"/><line nr="53" mi="0" ci="1" mb="0" cb="0"/><line nr="84" mi="0" ci="1" mb="0" cb="0"/><line nr="86" mi="0" ci="1" mb="0" cb="0"/><line nr="87" mi="0" ci="5" mb="0" cb="0"/><line nr="89" mi="0" ci="1" mb="0" cb="0"/><line nr="91" mi="0" ci="3" mb="0" cb="0"/><line nr="92" mi="0" ci="3" mb="0" cb="2"/><line nr="93" mi="0" ci="1" mb="0" cb="0"/><line nr="96" mi="0" ci="3" mb="0" cb="0"/><line nr="97" mi="0" ci="5" mb="0" cb="0"/><line nr="98" mi="0" ci="3" mb="0" cb="2"/><line nr="99" mi="0" ci="1" mb="0" cb="0"/><line nr="101" mi="0" ci="5" mb="0" cb="0"/><line nr="102" mi="0" ci="5" mb="0" cb="0"/><line nr="104" mi="0" ci="4" mb="0" cb="0"/><line nr="105" mi="0" ci="7" mb="0" cb="0"/><line nr="106" mi="0" ci="7" mb="0" cb="0"/><line nr="108" mi="0" ci="1" mb="0" cb="0"/><line nr="114" mi="0" ci="3" mb="0" cb="2"/><line nr="115" mi="0" ci="1" mb="0" cb="0"/><line nr="117" mi="0" ci="3" mb="0" cb="2"/><line nr="118" mi="0" ci="1" mb="0" cb="0"/><line nr="120" mi="0" ci="4" mb="0" cb="2"/><line nr="121" mi="0" ci="8" mb="0" cb="0"/><line nr="124" mi="0" ci="7" mb="0" cb="0"/><line nr="126" mi="0" ci="1" mb="0" cb="0"/><line nr="133" mi="0" ci="4" mb="0" cb="0"/><line nr="135" mi="0" ci="1" mb="0" cb="0"/><line nr="136" mi="0" ci="5" mb="0" cb="0"/><line nr="137" mi="0" ci="5" mb="0" cb="0"/><line nr="139" mi="0" ci="1" mb="0" cb="0"/><line nr="142" mi="0" ci="4" mb="0" cb="0"/><line nr="143" mi="0" ci="2" mb="0" cb="0"/><line nr="144" mi="0" ci="10" mb="0" cb="2"/><line nr="145" mi="0" ci="6" mb="0" cb="2"/><line nr="146" mi="0" ci="2" mb="0" cb="2"/><line nr="148" mi="0" ci="3" mb="0" cb="0"/><line nr="149" mi="0" ci="1" mb="0" cb="0"/><line nr="153" mi="0" ci="2" mb="0" cb="0"/><line nr="156" mi="0" ci="1" mb="0" cb="0"/><line nr="157" mi="0" ci="1" mb="0" cb="0"/><line nr="163" mi="0" ci="10" mb="0" cb="2"/><line nr="164" mi="0" ci="6" mb="0" cb="0"/><line nr="165" mi="0" ci="2" mb="0" cb="2"/><line nr="166" mi="0" ci="17" mb="0" cb="0"/><line nr="169" mi="0" ci="4" mb="0" cb="0"/><line nr="170" mi="0" ci="1" mb="0" cb="0"/><line nr="171" mi="0" ci="1" mb="0" cb="0"/><line nr="177" mi="4" ci="0" mb="0" cb="0"/><line nr="179" mi="3" ci="0" mb="0" cb="0"/><line nr="183" mi="4" ci="0" mb="0" cb="0"/><line nr="184" mi="3" ci="0" mb="2" cb="0"/><line nr="185" mi="4" ci="0" mb="0" cb="0"/><line nr="187" mi="3" ci="0" mb="0" cb="0"/><line nr="188" mi="7" ci="0" mb="0" cb="0"/><line nr="191" mi="11" ci="0" mb="2" cb="0"/><line nr="192" mi="3" ci="0" mb="0" cb="0"/><line nr="193" mi="2" ci="0" mb="2" cb="0"/><line nr="194" mi="3" ci="0" mb="0" cb="0"/><line nr="195" mi="7" ci="0" mb="0" cb="0"/><line nr="198" mi="1" ci="0" mb="0" cb="0"/><line nr="202" mi="9" ci="0" mb="0" cb="0"/><line nr="203" mi="1" ci="0" mb="0" cb="0"/><line nr="204" mi="2" ci="0" mb="0" cb="0"/><line nr="214" mi="0" ci="3" mb="0" cb="0"/><line nr="224" mi="0" ci="3" mb="0" cb="0"/><line nr="233" mi="0" ci="3" mb="0" cb="0"/><line nr="244" mi="0" ci="3" mb="0" cb="0"/><line nr="245" mi="0" ci="1" mb="0" cb="0"/><counter type="INSTRUCTION" missed="67" covered="202"/><counter type="BRANCH" missed="6" covered="20"/><counter type="LINE" missed="16" covered="57"/><counter type="COMPLEXITY" missed="4" covered="20"/><counter type="METHOD" missed="1" covered="10"/><counter type="CLASS" missed="0" covered="1"/></sourcefile><sourcefile name="RTRConfig.java"><line nr="52" mi="0" ci="4" mb="0" cb="4"/><line nr="53" mi="0" ci="5" mb="0" cb="0"/><line nr="55" mi="0" ci="1" mb="0" cb="0"/><line nr="59" mi="0" ci="5" mb="0" cb="0"/><line nr="60" mi="0" ci="9" mb="0" cb="2"/><line nr="75" mi="0" ci="3" mb="0" cb="0"/><line nr="76" mi="0" ci="7" mb="0" cb="0"/><line nr="83" mi="0" ci="2" mb="0" cb="2"/><line nr="84" mi="0" ci="5" mb="0" cb="0"/><line nr="86" mi="0" ci="2" mb="0" cb="2"/><line nr="87" mi="0" ci="5" mb="0" cb="0"/><line nr="90" mi="0" ci="10" mb="0" cb="0"/><line nr="107" mi="0" ci="3" mb="0" cb="0"/><line nr="108" mi="0" ci="5" mb="0" cb="0"/><line nr="123" mi="0" ci="3" mb="0" cb="0"/><line nr="124" mi="0" ci="5" mb="0" cb="0"/><line nr="138" mi="0" ci="3" mb="0" cb="0"/><line nr="139" mi="0" ci="5" mb="0" cb="0"/><line nr="153" mi="0" ci="3" mb="0" cb="0"/><line nr="154" mi="0" ci="5" mb="0" cb="0"/><line nr="169" mi="0" ci="3" mb="0" cb="0"/><line nr="170" mi="0" ci="6" mb="0" cb="0"/><line nr="185" mi="0" ci="3" mb="0" cb="0"/><line nr="186" mi="0" ci="6" mb="0" cb="0"/><line nr="201" mi="0" ci="3" mb="0" cb="0"/><line nr="202" mi="0" ci="6" mb="0" cb="0"/><line nr="217" mi="0" ci="3" mb="0" cb="0"/><line nr="218" mi="0" ci="6" mb="0" cb="0"/><line nr="234" mi="0" ci="3" mb="0" cb="0"/><line nr="235" mi="0" ci="6" mb="0" cb="0"/><line nr="253" mi="0" ci="3" mb="0" cb="0"/><line nr="254" mi="0" ci="6" mb="0" cb="0"/><line nr="270" mi="0" ci="3" mb="0" cb="0"/><line nr="271" mi="0" ci="6" mb="0" cb="0"/><line nr="276" mi="0" ci="3" mb="0" cb="0"/><counter type="INSTRUCTION" missed="0" covered="156"/><counter type="BRANCH" missed="0" covered="10"/><counter type="LINE" missed="0" covered="35"/><counter type="COMPLEXITY" missed="0" covered="21"/><counter type="METHOD" missed="0" covered="16"/><counter type="CLASS" missed="0" covered="1"/></sourcefile><sourcefile name="RTRComponents.java"><line nr="37" mi="0" ci="2" mb="0" cb="0"/><line nr="38" mi="0" ci="3" mb="0" cb="0"/><line nr="39" mi="0" ci="3" mb="0" cb="0"/><line nr="40" mi="0" ci="1" mb="0" cb="0"/><line nr="48" mi="0" ci="3" mb="0" cb="0"/><counter type="INSTRUCTION" missed="0" covered="12"/><counter type="LINE" missed="0" covered="5"/><counter type="COMPLEXITY" missed="0" covered="2"/><counter type="METHOD" missed="0" covered="2"/><counter type="CLASS" missed="0" covered="1"/></sourcefile><counter type="INSTRUCTION" missed="67" covered="370"/><counter type="BRANCH" missed="6" covered="30"/><counter type="LINE" missed="16" covered="97"/><counter type="COMPLEXITY" missed="4" covered="43"/><counter type="METHOD" missed="1" covered="28"/><counter type="CLASS" missed="0" covered="3"/></package><package name="info/ronjenkins/maven/rtr/releasephases"><class name="info/ronjenkins/maven/rtr/releasephases/ConditionalCheckDependencySnapshotsPhase"><method name="&lt;init&gt;" desc="()V" line="41"><counter type="INSTRUCTION" missed="0" covered="3"/><counter type="LINE" missed="0" covered="1"/><counter type="COMPLEXITY" missed="0" covered="1"/><counter type="METHOD" missed="0" covered="1"/></method><method name="execute" desc="(Lorg/apache/maven/shared/release/config/ReleaseDescriptor;Lorg/apache/maven/shared/release/env/ReleaseEnvironment;Ljava/util/List;)Lorg/apache/maven/shared/release/ReleaseResult;" line="68"><counter type="INSTRUCTION" missed="0" covered="24"/><counter type="BRANCH" missed="0" covered="2"/><counter type="LINE" missed="0" covered="6"/><counter type="COMPLEXITY" missed="0" covered="2"/><counter type="METHOD" missed="0" covered="1"/></method><method name="simulate" desc="(Lorg/apache/maven/shared/release/config/ReleaseDescriptor;Lorg/apache/maven/shared/release/env/ReleaseEnvironment;Ljava/util/List;)Lorg/apache/maven/shared/release/ReleaseResult;" line="100"><counter type="INSTRUCTION" missed="0" covered="6"/><counter type="LINE" missed="0" covered="1"/><counter type="COMPLEXITY" missed="0" covered="1"/><counter type="METHOD" missed="0" covered="1"/></method><counter type="INSTRUCTION" missed="0" covered="33"/><counter type="BRANCH" missed="0" covered="2"/><counter type="LINE" missed="0" covered="8"/><counter type="COMPLEXITY" missed="0" covered="4"/><counter type="METHOD" missed="0" covered="3"/><counter type="CLASS" missed="0" covered="1"/></class><class name="info/ronjenkins/maven/rtr/releasephases/DefensiveRestoreBackupPomsPhase"><method name="&lt;init&gt;" desc="()V" line="42"><counter type="INSTRUCTION" missed="0" covered="3"/><counter type="LINE" missed="0" covered="1"/><counter type="COMPLEXITY" missed="0" covered="1"/><counter type="METHOD" missed="0" covered="1"/></method><method name="execute" desc="(Lorg/apache/maven/shared/release/config/ReleaseDescriptor;Lorg/apache/maven/shared/release/env/ReleaseEnvironment;Ljava/util/List;)Lorg/apache/maven/shared/release/ReleaseResult;" line="66"><counter type="INSTRUCTION" missed="0" covered="20"/><counter type="BRANCH" missed="0" covered="2"/><counter type="LINE" missed="0" covered="5"/><counter type="COMPLEXITY" missed="0" covered="2"/><counter type="METHOD" missed="0" covered="1"/></method><method name="simulate" desc="(Lorg/apache/maven/shared/release/config/ReleaseDescriptor;Lorg/apache/maven/shared/release/env/ReleaseEnvironment;Ljava/util/List;)Lorg/apache/maven/shared/release/ReleaseResult;" line="96"><counter type="INSTRUCTION" missed="0" covered="6"/><counter type="LINE" missed="0" covered="1"/><counter type="COMPLEXITY" missed="0" covered="1"/><counter type="METHOD" missed="0" covered="1"/></method><counter type="INSTRUCTION" missed="0" covered="29"/><counter type="BRANCH" missed="0" covered="2"/><counter type="LINE" missed="0" covered="7"/><counter type="COMPLEXITY" missed="0" covered="4"/><counter type="METHOD" missed="0" covered="3"/><counter type="CLASS" missed="0" covered="1"/></class><class name="info/ronjenkins/maven/rtr/releasephases/IndicatePresenceOfBackupPomsPhase"><method name="&lt;init&gt;" desc="()V" line="43"><counter type="INSTRUCTION" missed="0" covered="3"/><counter type="LINE" missed="0" covered="1"/><counter type="COMPLEXITY" missed="0" covered="1"/><counter type="METHOD" missed="0" covered="1"/></method><method name="execute" desc="(Lorg/apache/maven/shared/release/config/ReleaseDescriptor;Lorg/apache/maven/shared/release/env/ReleaseEnvironment;Ljava/util/List;)Lorg/apache/maven/shared/release/ReleaseResult;" line="67"><counter type="INSTRUCTION" missed="0" covered="13"/><counter type="LINE" missed="0" covered="4"/><counter type="COMPLEXITY" missed="0" covered="1"/><counter type="METHOD" missed="0" covered="1"/></method><method name="simulate" desc="(Lorg/apache/maven/shared/release/config/ReleaseDescriptor;Lorg/apache/maven/shared/release/env/ReleaseEnvironment;Ljava/util/List;)Lorg/apache/maven/shared/release/ReleaseResult;" line="93"><counter type="INSTRUCTION" missed="0" covered="6"/><counter type="LINE" missed="0" covered="1"/><counter type="COMPLEXITY" missed="0" covered="1"/><counter type="METHOD" missed="0" covered="1"/></method><counter type="INSTRUCTION" missed="0" covered="22"/><counter type="LINE" missed="0" covered="6"/><counter type="COMPLEXITY" missed="0" covered="3"/><counter type="METHOD" missed="0" covered="3"/><counter type="CLASS" missed="0" covered="1"/></class><class name="info/ronjenkins/maven/rtr/releasephases/RemoveBackupPomsPhase"><method name="&lt;init&gt;" desc="()V" line="44"><counter type="INSTRUCTION" missed="0" covered="3"/><counter type="LINE" missed="0" covered="1"/><counter type="COMPLEXITY" missed="0" covered="1"/><counter type="METHOD" missed="0" covered="1"/></method><method name="execute" desc="(Lorg/apache/maven/shared/release/config/ReleaseDescriptor;Lorg/apache/maven/shared/release/env/ReleaseEnvironment;Ljava/util/List;)Lorg/apache/maven/shared/release/ReleaseResult;" line="67"><counter type="INSTRUCTION" missed="0" covered="27"/><counter type="BRANCH" missed="0" covered="4"/><counter type="LINE" missed="0" covered="7"/><counter type="COMPLEXITY" missed="0" covered="3"/><counter type="METHOD" missed="0" covered="1"/></method><method name="simulate" desc="(Lorg/apache/maven/shared/release/config/ReleaseDescriptor;Lorg/apache/maven/shared/release/env/ReleaseEnvironment;Ljava/util/List;)Lorg/apache/maven/shared/release/ReleaseResult;" line="97"><counter type="INSTRUCTION" missed="0" covered="6"/><counter type="LINE" missed="0" covered="1"/><counter type="COMPLEXITY" missed="0" covered="1"/><counter type="METHOD" missed="0" covered="1"/></method><counter type="INSTRUCTION" missed="0" covered="36"/><counter type="BRANCH" missed="0" covered="4"/><counter type="LINE" missed="0" covered="9"/><counter type="COMPLEXITY" missed="0" covered="5"/><counter type="METHOD" missed="0" covered="3"/><counter type="CLASS" missed="0" covered="1"/></class><sourcefile name="RemoveBackupPomsPhase.java"><line nr="44" mi="0" ci="3" mb="0" cb="0"/><line nr="67" mi="0" ci="4" mb="0" cb="0"/><line nr="68" mi="0" ci="4" mb="0" cb="2"/><line nr="69" mi="0" ci="10" mb="0" cb="2"/><line nr="70" mi="0" ci="3" mb="0" cb="0"/><line nr="71" mi="0" ci="1" mb="0" cb="0"/><line nr="73" mi="0" ci="3" mb="0" cb="0"/><line nr="74" mi="0" ci="2" mb="0" cb="0"/><line nr="97" mi="0" ci="6" mb="0" cb="0"/><counter type="INSTRUCTION" missed="0" covered="36"/><counter type="BRANCH" missed="0" covered="4"/><counter type="LINE" missed="0" covered="9"/><counter type="COMPLEXITY" missed="0" covered="5"/><counter type="METHOD" missed="0" covered="3"/><counter type="CLASS" missed="0" covered="1"/></sourcefile><sourcefile name="IndicatePresenceOfBackupPomsPhase.java"><line nr="43" mi="0" ci="3" mb="0" cb="0"/><line nr="67" mi="0" ci="4" mb="0" cb="0"/><line nr="68" mi="0" ci="4" mb="0" cb="0"/><line nr="69" mi="0" ci="3" mb="0" cb="0"/><line nr="70" mi="0" ci="2" mb="0" cb="0"/><line nr="93" mi="0" ci="6" mb="0" cb="0"/><counter type="INSTRUCTION" missed="0" covered="22"/><counter type="LINE" missed="0" covered="6"/><counter type="COMPLEXITY" missed="0" covered="3"/><counter type="METHOD" missed="0" covered="3"/><counter type="CLASS" missed="0" covered="1"/></sourcefile><sourcefile name="ConditionalCheckDependencySnapshotsPhase.java"><line nr="41" mi="0" ci="3" mb="0" cb="0"/><line nr="68" mi="0" ci="4" mb="0" cb="2"/><line nr="69" mi="0" ci="4" mb="0" cb="0"/><line nr="71" mi="0" ci="4" mb="0" cb="0"/><line nr="72" mi="0" ci="4" mb="0" cb="0"/><line nr="75" mi="0" ci="6" mb="0" cb="0"/><line nr="77" mi="0" ci="2" mb="0" cb="0"/><line nr="100" mi="0" ci="6" mb="0" cb="0"/><counter type="INSTRUCTION" missed="0" covered="33"/><counter type="BRANCH" missed="0" covered="2"/><counter type="LINE" missed="0" covered="8"/><counter type="COMPLEXITY" missed="0" covered="4"/><counter type="METHOD" missed="0" covered="3"/><counter type="CLASS" missed="0" covered="1"/></sourcefile><sourcefile name="DefensiveRestoreBackupPomsPhase.java"><line nr="42" mi="0" ci="3" mb="0" cb="0"/><line nr="66" mi="0" ci="4" mb="0" cb="2"/><line nr="67" mi="0" ci="7" mb="0" cb="0"/><line nr="70" mi="0" ci="4" mb="0" cb="0"/><line nr="71" mi="0" ci="3" mb="0" cb="0"/><line nr="73" mi="0" ci="2" mb="0" cb="0"/><line nr="96" mi="0" ci="6" mb="0" cb="0"/><counter type="INSTRUCTION" missed="0" covered="29"/><counter type="BRANCH" missed="0" covered="2"/><counter type="LINE" missed="0" covered="7"/><counter type="COMPLEXITY" missed="0" covered="4"/><counter type="METHOD" missed="0" covered="3"/><counter type="CLASS" missed="0" covered="1"/></sourcefile><counter type="INSTRUCTION" missed="0" covered="120"/><counter type="BRANCH" missed="0" covered="8"/><counter type="LINE" missed="0" covered="30"/><counter type="COMPLEXITY" missed="0" covered="16"/><counter type="METHOD" missed="0" covered="12"/><counter type="CLASS" missed="0" covered="4"/></package><counter type="INSTRUCTION" missed="67" covered="1135"/><counter type="BRANCH" missed="6" covered="102"/><counter type="LINE" missed="16" covered="283"/><counter type="COMPLEXITY" missed="4" covered="126"/><counter type="METHOD" missed="1" covered="75"/><counter type="CLASS" missed="0" covered="19"/></report>