<?xml version="1.0" encoding="UTF-8" standalone="yes"?><!DOCTYPE report PUBLIC "-//JACOCO//DTD Report 1.0//EN" "report.dtd"><report name="Smart Reactor Maven Extension"><sessioninfo id="" start="1455845379923" dump="1455845381459"/><sessioninfo id="info.ronjenkins.maven.rtr.releasephases.ConditionalCheckDependencySnapshotsPhaseTest notAllowedMeansSuccessfulExecution" start="1455845381474" dump="1455845381990"/><sessioninfo id="" start="1455845382005" dump="1455845382011"/><sessioninfo id="info.ronjenkins.maven.rtr.releasephases.ConditionalCheckDependencySnapshotsPhaseTest simulateEqualsExecute" start="1455845382025" dump="1455845382058"/><sessioninfo id="" start="1455845382073" dump="1455845382079"/><sessioninfo id="info.ronjenkins.maven.rtr.releasephases.ConditionalCheckDependencySnapshotsPhaseTest allowedMeansNoop" start="1455845382092" dump="1455845382123"/><sessioninfo id="" start="1455845382135" dump="1455845382175"/><sessioninfo id="info.ronjenkins.maven.rtr.releasephases.DefensiveRestoreBackupPomsPhaseTest backupPomsNotCreatedMeansNoop" start="1455845382190" dump="1455845382244"/><sessioninfo id="" start="1455845382257" dump="1455845382261"/><sessioninfo id="info.ronjenkins.maven.rtr.releasephases.DefensiveRestoreBackupPomsPhaseTest simulateEqualsExecute" start="1455845382272" dump="1455845382312"/><sessioninfo id="" start="1455845382323" dump="1455845382328"/><sessioninfo id="info.ronjenkins.maven.rtr.releasephases.DefensiveRestoreBackupPomsPhaseTest backupPomsCreatedMeansSuccessfulExecution" start="1455845382340" dump="1455845382505"/><sessioninfo id="" start="1455845382520" dump="1455845382566"/><sessioninfo id="info.ronjenkins.maven.rtr.releasephases.IndicatePresenceOfBackupPomsPhaseTest simulateEqualsExecute" start="1455845382578" dump="1455845382620"/><sessioninfo id="" start="1455845382632" dump="1455845382636"/><sessioninfo id="info.ronjenkins.maven.rtr.releasephases.IndicatePresenceOfBackupPomsPhaseTest successfulExecution" start="1455845382648" dump="1455845382653"/><sessioninfo id="" start="1455845382665" dump="1455845382671"/><sessioninfo id="info.ronjenkins.maven.rtr.releasephases.RemoveBackupPomsPhaseTest backupPomsNotCreatedMeansNoop" start="1455845382684" dump="1455845382728"/><sessioninfo id="" start="1455845382739" dump="1455845382743"/><sessioninfo id="info.ronjenkins.maven.rtr.releasephases.RemoveBackupPomsPhaseTest simulateEqualsExecute" start="1455845382756" dump="1455845382801"/><sessioninfo id="" start="1455845382818" dump="1455845382822"/><sessioninfo id="info.ronjenkins.maven.rtr.releasephases.RemoveBackupPomsPhaseTest backupPomsCreatedMeansSuccessfulExecution" start="1455845382834" dump="1455845382983"/><sessioninfo id="" start="1455845382995" dump="1455845383035"/><sessioninfo id="info.ronjenkins.maven.rtr.RTRComponentsTest noNullProjectBuilder" start="1455845383046" dump="1455845383077"/><sessioninfo id="" start="1455845383091" dump="1455845383096"/><sessioninfo id="info.ronjenkins.maven.rtr.RTRComponentsTest projectBuilder" start="1455845383108" dump="1455845383112"/><sessioninfo id="" start="1455845383124" dump="1455845383143"/><sessioninfo id="info.ronjenkins.maven.rtr.RTRConfigTest isSinglePomReactorAllowedNullCheck" start="1455845383158" dump="1455845383235"/><sessioninfo id="" start="1455845383250" dump="1455845383255"/><sessioninfo id="info.ronjenkins.maven.rtr.RTRConfigTest flagIsDefaultWhenPropertyIsNull" start="1455845383267" dump="1455845383460"/><sessioninfo id="" start="1455845383474" dump="1455845383481"/><sessioninfo id="info.ronjenkins.maven.rtr.RTRConfigTest getTag" start="1455845383497" dump="1455845383578"/><sessioninfo id="" start="1455845383589" dump="1455845383593"/><sessioninfo id="info.ronjenkins.maven.rtr.RTRConfigTest nullValueWhenNotDefined" start="1455845383605" dump="1455845383687"/><sessioninfo id="" start="1455845383702" dump="1455845383706"/><sessioninfo id="info.ronjenkins.maven.rtr.RTRConfigTest isAllowTimestampedSnapshots" start="1455845383717" dump="1455845383799"/><sessioninfo id="" start="1455845383812" dump="1455845383817"/><sessioninfo id="info.ronjenkins.maven.rtr.RTRConfigTest projectPropertyUsedWhenNotDefinedInSession" start="1455845383828" dump="1455845383909"/><sessioninfo id="" start="1455845383922" dump="1455845383926"/><sessioninfo id="info.ronjenkins.maven.rtr.RTRConfigTest isReleaseNullCheck" start="1455845383939" dump="1455845383945"/><sessioninfo id="" start="1455845383957" dump="1455845383961"/><sessioninfo id="info.ronjenkins.maven.rtr.RTRConfigTest getTagNameFormat" start="1455845383975" dump="1455845384052"/><sessioninfo id="" start="1455845384066" dump="1455845384071"/><sessioninfo id="info.ronjenkins.maven.rtr.RTRConfigTest isDisabled" start="1455845384081" dump="1455845384159"/><sessioninfo id="" start="1455845384171" dump="1455845384176"/><sessioninfo id="info.ronjenkins.maven.rtr.RTRConfigTest getTagBase" start="1455845384187" dump="1455845384264"/><sessioninfo id="" start="1455845384274" dump="1455845384278"/><sessioninfo id="info.ronjenkins.maven.rtr.RTRConfigTest isDisabledNullCheck" start="1455845384288" dump="1455845384293"/><sessioninfo id="" start="1455845384306" dump="1455845384310"/><sessioninfo id="info.ronjenkins.maven.rtr.RTRConfigTest flagIsDeterminedBySetProperty" start="1455845384322" dump="1455845384407"/><sessioninfo id="" start="1455845384420" dump="1455845384424"/><sessioninfo id="info.ronjenkins.maven.rtr.RTRConfigTest isAutoVersionSubmodules" start="1455845384438" dump="1455845384510"/><sessioninfo id="" start="1455845384520" dump="1455845384525"/><sessioninfo id="info.ronjenkins.maven.rtr.RTRConfigTest isRelease" start="1455845384535" dump="1455845384606"/><sessioninfo id="" start="1455845384620" dump="1455845384623"/><sessioninfo id="info.ronjenkins.maven.rtr.RTRConfigTest isSinglePomReactorAllowed" start="1455845384635" dump="1455845384709"/><sessioninfo id="" start="1455845384719" dump="1455845384724"/><sessioninfo id="info.ronjenkins.maven.rtr.RTRConfigTest getReleaseVersion" start="1455845384734" dump="1455845384809"/><sessioninfo id="" start="1455845384822" dump="1455845384826"/><sessioninfo id="info.ronjenkins.maven.rtr.RTRConfigTest getProjectVersionPolicyId" start="1455845384836" dump="1455845384913"/><sessioninfo id="" start="1455845384923" dump="1455845384927"/><sessioninfo id="info.ronjenkins.maven.rtr.RTRConfigTest nonBooleanPropertyValueNotAllowed" start="1455845384938" dump="1455845385014"/><sessioninfo id="" start="1455845385024" dump="1455845385028"/><sessioninfo id="info.ronjenkins.maven.rtr.RTRConfigTest projectValueUsedWhenSessionIsNull" start="1455845385038" dump="1455845385109"/><sessioninfo id="" start="1455845385120" dump="1455845385123"/><sessioninfo id="info.ronjenkins.maven.rtr.RTRConfigTest isAddSchema" start="1455845385133" dump="1455845385212"/><sessioninfo id="" start="1455845385224" dump="1455845385775"/><sessioninfo id="info.ronjenkins.maven.rtr.RTRConfigTest sessionOverridesProjectWhenDefinedInBothPlaces" start="1455845385789" dump="1455845385855"/><sessioninfo id="" start="1455845385866" dump="1455845385869"/><sessioninfo id="info.ronjenkins.maven.rtr.RTRConfigTest isExternalSnapshotsAllowed" start="1455845385879" dump="1455845385950"/><sessioninfo id="" start="1455845385963" dump="1455845385967"/><sessioninfo id="info.ronjenkins.maven.rtr.RTRConfigTest sessionPropertyUsedWhenNotDefinedInProject" start="1455845385981" dump="1455845386056"/><sessioninfo id="" start="1455845386068" dump="1455845386072"/><sessioninfo id="info.ronjenkins.maven.rtr.RTRConfigTest checkParametersWhenAtLeastOneIsNotNull" start="1455845386085" dump="1455845386091"/><sessioninfo id="" start="1455845386102" dump="1455845386105"/><sessioninfo id="info.ronjenkins.maven.rtr.RTRConfigTest sessionValueUsedWhenProjectIsNull" start="1455845386115" dump="1455845386188"/><sessioninfo id="" start="1455845386201" dump="1455845386233"/><sessioninfo id="info.ronjenkins.maven.rtr.RTRTest nullStepCausesException" start="1455845386244" dump="1455845386311"/><sessioninfo id="" start="1455845386322" dump="1455845386326"/><sessioninfo id="info.ronjenkins.maven.rtr.RTRTest failedExecution" start="1455845386336" dump="1455845386422"/><sessioninfo id="" start="1455845386433" dump="1455845386437"/><sessioninfo id="info.ronjenkins.maven.rtr.RTRTest booleanMethodTests" start="1455845386451" dump="1455845386499"/><sessioninfo id="" start="1455845386510" dump="1455845386514"/><sessioninfo id="info.ronjenkins.maven.rtr.RTRTest disabledMeansNoop" start="1455845386525" dump="1455845386575"/><sessioninfo id="" start="1455845386586" dump="1455845386590"/><sessioninfo id="info.ronjenkins.maven.rtr.RTRTest successfulExecution" start="1455845386601" dump="1455845386662"/><sessioninfo id="" start="1455845386673" dump="1455845386720"/><sessioninfo id="info.ronjenkins.maven.rtr.steps.BuildSmartReactorTest onlySnapshotsRemain" start="1455845386734" dump="1455845386830"/><sessioninfo id="" start="1455845386842" dump="1455845386860"/><sessioninfo id="info.ronjenkins.maven.rtr.steps.PerformSmartReactorSanityChecksTest singleProjectNonPomReactorAlwaysWorks" start="1455845386871" dump="1455845386952"/><sessioninfo id="" start="1455845386962" dump="1455845386965"/><sessioninfo id="info.ronjenkins.maven.rtr.steps.PerformSmartReactorSanityChecksTest twoProjectReactorAlwaysWorks" start="1455845386975" dump="1455845387029"/><sessioninfo id="" start="1455845387043" dump="1455845387046"/><sessioninfo id="info.ronjenkins.maven.rtr.steps.PerformSmartReactorSanityChecksTest singleProjectPomReactorFailsIfNotAllowed" start="1455845387055" dump="1455845387062"/><sessioninfo id="" start="1455845387072" dump="1455845387076"/><sessioninfo id="info.ronjenkins.maven.rtr.steps.PerformSmartReactorSanityChecksTest singleProjectPomReactorWorksIfAllowed" start="1455845387086" dump="1455845387092"/><sessioninfo id="" start="1455845387102" dump="1455845387148"/><sessioninfo id="info.ronjenkins.maven.rtr.steps.RebuildProjectDependencyGraphTest successfulExecution" start="1455845387158" dump="1455845387626"/><sessioninfo id="" start="1455845387640" dump="1455845387644"/><sessioninfo id="info.ronjenkins.maven.rtr.steps.RebuildProjectDependencyGraphTest exceptionsGetTranslated" start="1455845387660" dump="1455845387699"/><sessioninfo id="" start="1455845387712" dump="1455845387756"/><sessioninfo id="info.ronjenkins.maven.rtr.steps.release.AbstractSmartReactorReleaseStepsTest nullReleasePhaseCausesException" start="1455845387769" dump="1455845388129"/><sessioninfo id="" start="1455845388143" dump="1455845388147"/><sessioninfo id="info.ronjenkins.maven.rtr.steps.release.AbstractSmartReactorReleaseStepsTest releasePhaseErrorResultCausesExceptionWithProperCause" start="1455845388164" dump="1455845388292"/><sessioninfo id="" start="1455845388305" dump="1455845388309"/><sessioninfo id="info.ronjenkins.maven.rtr.steps.release.AbstractSmartReactorReleaseStepsTest successfulExecution" start="1455845388321" dump="1455845388444"/><sessioninfo id="" start="1455845388458" dump="1455845388462"/><sessioninfo id="info.ronjenkins.maven.rtr.steps.release.AbstractSmartReactorReleaseStepsTest disabledReleaseMeansNoop" start="1455845388473" dump="1455845388485"/><sessioninfo id="" start="1455845388496" dump="1455845388500"/><sessioninfo id="info.ronjenkins.maven.rtr.steps.release.AbstractSmartReactorReleaseStepsTest rollbackFailureOfAnyKindCausesExceptionSuppression" start="1455845388510" dump="1455845388599"/><sessioninfo id="" start="1455845388613" dump="1455845388617"/><sessioninfo id="info.ronjenkins.maven.rtr.steps.release.AbstractSmartReactorReleaseStepsTest releasePhaseExceptionCausesExceptionWithProperCause" start="1455845388628" dump="1455845388753"/><sessioninfo id="" start="1455845388765" dump="1455845388770"/><sessioninfo id="info.ronjenkins.maven.rtr.steps.release.AbstractSmartReactorReleaseStepsTest coverBasicImplementations" start="1455845388781" dump="1455845388791"/><sessioninfo id="" start="1455845388804" dump="1455845388870"/><sessioninfo id="info.ronjenkins.maven.rtr.steps.release.RebuildReleaseReactorTest exceptionsArePropagated" start="1455845388881" dump="1455845389041"/><sessioninfo id="" start="1455845389054" dump="1455845389058"/><sessioninfo id="info.ronjenkins.maven.rtr.steps.release.RebuildReleaseReactorTest successfulExecution" start="1455845389071" dump="1455845389312"/><sessioninfo id="" start="1455845389324" dump="1455845389329"/><sessioninfo id="info.ronjenkins.maven.rtr.steps.release.RebuildReleaseReactorTest disabledReleaseMeansNoop" start="1455845389345" dump="1455845389355"/><sessioninfo id="" start="1455845389367" dump="1455845389370"/><sessioninfo id="info.ronjenkins.maven.rtr.steps.release.RebuildReleaseReactorTest assertUOEs" start="1455845389382" dump="1455845389386"/><sessioninfo id="" start="1455845389399" dump="1455845389454"/><sessioninfo id="info.ronjenkins.maven.rtr.steps.release.TransformProjectsIntoReleasesTest configureReleaseDescriptorWithoutOptionalParameters" start="1455845389466" dump="1455845389596"/><sessioninfo id="" start="1455845389610" dump="1455845389614"/><sessioninfo id="info.ronjenkins.maven.rtr.steps.release.TransformProjectsIntoReleasesTest configureReleaseDescriptor" start="1455845389627" dump="1455845389639"/><sessioninfo id="" start="1455845389652" dump="1455845389701"/><sessioninfo id="info.ronjenkins.maven.rtr.steps.ValidateSmartReactorEligibilityTest parentSnapshotAndChildSnapshotIsEligible" start="1455845389712" dump="1455845389824"/><sessioninfo id="" start="1455845389837" dump="1455845389841"/><sessioninfo id="info.ronjenkins.maven.rtr.steps.ValidateSmartReactorEligibilityTest singleReleaseIsNotEligible" start="1455845389853" dump="1455845389865"/><sessioninfo id="" start="1455845389878" dump="1455845389881"/><sessioninfo id="info.ronjenkins.maven.rtr.steps.ValidateSmartReactorEligibilityTest threeGenerationSnapshotFamilyWithReleaseChildIsNotEligible" start="1455845389892" dump="1455845389993"/><sessioninfo id="" start="1455845390009" dump="1455845390013"/><sessioninfo id="info.ronjenkins.maven.rtr.steps.ValidateSmartReactorEligibilityTest singleSnapshotIsEligible" start="1455845390028" dump="1455845390041"/><sessioninfo id="" start="1455845390055" dump="1455845390058"/><sessioninfo id="info.ronjenkins.maven.rtr.steps.ValidateSmartReactorEligibilityTest parentSnapshotAndChildReleaseIsEligible" start="1455845390073" dump="1455845390129"/><sessioninfo id="" start="1455845390141" dump="1455845390145"/><sessioninfo id="info.ronjenkins.maven.rtr.steps.ValidateSmartReactorEligibilityTest threeGenerationSnapshotFamilyIsEligible" start="1455845390156" dump="1455845390234"/><sessioninfo id="" start="1455845390247" dump="1455845390282"/><sessioninfo id="util.PrivateNoArgConstructorCoverageTest cover" start="1455845390296" dump="1455845390300"/><sessioninfo id="util.PrivateNoArgConstructorCoverageTest cover" start="1455845390312" dump="1455845390324"/><package name="info/ronjenkins/maven/rtr/steps/release"><class name="info/ronjenkins/maven/rtr/steps/release/RebuildReleaseReactor"><method name="&lt;init&gt;" desc="()V" line="40"><counter type="INSTRUCTION" missed="0" covered="3"/><counter type="LINE" missed="0" covered="1"/><counter type="COMPLEXITY" missed="0" covered="1"/><counter type="METHOD" missed="0" covered="1"/></method><method name="getAnnouncement" desc="()Ljava/lang/String;" line="44"><counter type="INSTRUCTION" missed="0" covered="2"/><counter type="LINE" missed="0" covered="1"/><counter type="COMPLEXITY" missed="0" covered="1"/><counter type="METHOD" missed="0" covered="1"/></method><method name="getReleasePhases" desc="()Ljava/util/List;" line="49"><counter type="INSTRUCTION" missed="0" covered="4"/><counter type="LINE" missed="0" covered="1"/><counter type="COMPLEXITY" missed="0" covered="1"/><counter type="METHOD" missed="0" covered="1"/></method><method name="getRollbackPhases" desc="()Ljava/util/List;" line="54"><counter type="INSTRUCTION" missed="0" covered="4"/><counter type="LINE" missed="0" covered="1"/><counter type="COMPLEXITY" missed="0" covered="1"/><counter type="METHOD" missed="0" covered="1"/></method><method name="releaseExecute" desc="(Lorg/apache/maven/execution/MavenSession;Linfo/ronjenkins/maven/rtr/RTRComponents;)V" line="60"><counter type="INSTRUCTION" missed="0" covered="65"/><counter type="BRANCH" missed="0" covered="4"/><counter type="LINE" missed="0" covered="19"/><counter type="COMPLEXITY" missed="0" covered="3"/><counter type="METHOD" missed="0" covered="1"/></method><counter type="INSTRUCTION" missed="0" covered="78"/><counter type="BRANCH" missed="0" covered="4"/><counter type="LINE" missed="0" covered="23"/><counter type="COMPLEXITY" missed="0" covered="7"/><counter type="METHOD" missed="0" covered="5"/><counter type="CLASS" missed="0" covered="1"/></class><class name="info/ronjenkins/maven/rtr/steps/release/DoPostReleaseFailure"><method name="&lt;init&gt;" desc="()V" line="30"><counter type="INSTRUCTION" missed="0" covered="3"/><counter type="LINE" missed="0" covered="1"/><counter type="COMPLEXITY" missed="0" covered="1"/><counter type="METHOD" missed="0" covered="1"/></method><method name="getAnnouncement" desc="()Ljava/lang/String;" line="37"><counter type="INSTRUCTION" missed="0" covered="2"/><counter type="LINE" missed="0" covered="1"/><counter type="COMPLEXITY" missed="0" covered="1"/><counter type="METHOD" missed="0" covered="1"/></method><method name="getReleasePhases" desc="()Ljava/util/List;" line="42"><counter type="INSTRUCTION" missed="0" covered="3"/><counter type="LINE" missed="0" covered="1"/><counter type="COMPLEXITY" missed="0" covered="1"/><counter type="METHOD" missed="0" covered="1"/></method><method name="getRollbackPhases" desc="()Ljava/util/List;" line="47"><counter type="INSTRUCTION" missed="0" covered="3"/><counter type="LINE" missed="0" covered="1"/><counter type="COMPLEXITY" missed="0" covered="1"/><counter type="METHOD" missed="0" covered="1"/></method><counter type="INSTRUCTION" missed="0" covered="11"/><counter type="LINE" missed="0" covered="4"/><counter type="COMPLEXITY" missed="0" covered="4"/><counter type="METHOD" missed="0" covered="4"/><counter type="CLASS" missed="0" covered="1"/></class><class name="info/ronjenkins/maven/rtr/steps/release/AbstractSmartReactorReleaseStep"><method name="&lt;init&gt;" desc="()V" line="44"><counter type="INSTRUCTION" missed="0" covered="3"/><counter type="LINE" missed="0" covered="1"/><counter type="COMPLEXITY" missed="0" covered="1"/><counter type="METHOD" missed="0" covered="1"/></method><method name="configureReleaseDescriptor" desc="(Lorg/apache/maven/execution/MavenSession;Linfo/ronjenkins/maven/rtr/RTRComponents;)V" line="70"><counter type="INSTRUCTION" missed="0" covered="1"/><counter type="LINE" missed="0" covered="1"/><counter type="COMPLEXITY" missed="0" covered="1"/><counter type="METHOD" missed="0" covered="1"/></method><method name="execute" desc="(Lorg/apache/maven/execution/MavenSession;Linfo/ronjenkins/maven/rtr/RTRComponents;)V" line="75"><counter type="INSTRUCTION" missed="0" covered="18"/><counter type="BRANCH" missed="0" covered="2"/><counter type="LINE" missed="0" covered="5"/><counter type="COMPLEXITY" missed="0" covered="2"/><counter type="METHOD" missed="0" covered="1"/></method><method name="releaseExecute" desc="(Lorg/apache/maven/execution/MavenSession;Linfo/ronjenkins/maven/rtr/RTRComponents;)V" line="122"><counter type="INSTRUCTION" missed="0" covered="37"/><counter type="LINE" missed="0" covered="14"/><counter type="COMPLEXITY" missed="0" covered="1"/><counter type="METHOD" missed="0" covered="1"/></method><method name="runPhases" desc="(Ljava/util/List;Ljava/util/List;)V" line="148"><counter type="INSTRUCTION" missed="0" covered="59"/><counter type="BRANCH" missed="0" covered="6"/><counter type="LINE" missed="0" covered="12"/><counter type="COMPLEXITY" missed="0" covered="4"/><counter type="METHOD" missed="0" covered="1"/></method><counter type="INSTRUCTION" missed="0" covered="118"/><counter type="BRANCH" missed="0" covered="8"/><counter type="LINE" missed="0" covered="33"/><counter type="COMPLEXITY" missed="0" covered="9"/><counter type="METHOD" missed="0" covered="5"/><counter type="CLASS" missed="0" covered="1"/></class><class name="info/ronjenkins/maven/rtr/steps/release/TransformProjectsIntoReleases"><method name="&lt;init&gt;" desc="()V" line="34"><counter type="INSTRUCTION" missed="0" covered="3"/><counter type="LINE" missed="0" covered="1"/><counter type="COMPLEXITY" missed="0" covered="1"/><counter type="METHOD" missed="0" covered="1"/></method><method name="configureReleaseDescriptor" desc="(Lorg/apache/maven/execution/MavenSession;Linfo/ronjenkins/maven/rtr/RTRComponents;)V" line="43"><counter type="INSTRUCTION" missed="0" covered="68"/><counter type="BRANCH" missed="0" covered="8"/><counter type="LINE" missed="0" covered="21"/><counter type="COMPLEXITY" missed="0" covered="5"/><counter type="METHOD" missed="0" covered="1"/></method><method name="getAnnouncement" desc="()Ljava/lang/String;" line="74"><counter type="INSTRUCTION" missed="0" covered="2"/><counter type="LINE" missed="0" covered="1"/><counter type="COMPLEXITY" missed="0" covered="1"/><counter type="METHOD" missed="0" covered="1"/></method><method name="getReleasePhases" desc="()Ljava/util/List;" line="79"><counter type="INSTRUCTION" missed="0" covered="3"/><counter type="LINE" missed="0" covered="1"/><counter type="COMPLEXITY" missed="0" covered="1"/><counter type="METHOD" missed="0" covered="1"/></method><method name="getRollbackPhases" desc="()Ljava/util/List;" line="84"><counter type="INSTRUCTION" missed="0" covered="3"/><counter type="LINE" missed="0" covered="1"/><counter type="COMPLEXITY" missed="0" covered="1"/><counter type="METHOD" missed="0" covered="1"/></method><counter type="INSTRUCTION" missed="0" covered="79"/><counter type="BRANCH" missed="0" covered="8"/><counter type="LINE" missed="0" covered="25"/><counter type="COMPLEXITY" missed="0" covered="9"/><counter type="METHOD" missed="0" covered="5"/><counter type="CLASS" missed="0" covered="1"/></class><class name="info/ronjenkins/maven/rtr/steps/release/DoPostReleaseSuccess"><method name="&lt;init&gt;" desc="()V" line="30"><counter type="INSTRUCTION" missed="0" covered="3"/><counter type="LINE" missed="0" covered="1"/><counter type="COMPLEXITY" missed="0" covered="1"/><counter type="METHOD" missed="0" covered="1"/></method><method name="getAnnouncement" desc="()Ljava/lang/String;" line="37"><counter type="INSTRUCTION" missed="0" covered="2"/><counter type="LINE" missed="0" covered="1"/><counter type="COMPLEXITY" missed="0" covered="1"/><counter type="METHOD" missed="0" covered="1"/></method><method name="getReleasePhases" desc="()Ljava/util/List;" line="42"><counter type="INSTRUCTION" missed="0" covered="3"/><counter type="LINE" missed="0" covered="1"/><counter type="COMPLEXITY" missed="0" covered="1"/><counter type="METHOD" missed="0" covered="1"/></method><method name="getRollbackPhases" desc="()Ljava/util/List;" line="47"><counter type="INSTRUCTION" missed="0" covered="3"/><counter type="LINE" missed="0" covered="1"/><counter type="COMPLEXITY" missed="0" covered="1"/><counter type="METHOD" missed="0" covered="1"/></method><counter type="INSTRUCTION" missed="0" covered="11"/><counter type="LINE" missed="0" covered="4"/><counter type="COMPLEXITY" missed="0" covered="4"/><counter type="METHOD" missed="0" covered="4"/><counter type="CLASS" missed="0" covered="1"/></class><sourcefile name="AbstractSmartReactorReleaseStep.java"><line nr="44" mi="0" ci="3" mb="0" cb="0"/><line nr="70" mi="0" ci="1" mb="0" cb="0"/><line nr="75" mi="0" ci="4" mb="0" cb="2"/><line nr="76" mi="0" ci="5" mb="0" cb="0"/><line nr="77" mi="0" ci="4" mb="0" cb="0"/><line nr="78" mi="0" ci="4" mb="0" cb="0"/><line nr="80" mi="0" ci="1" mb="0" cb="0"/><line nr="122" mi="0" ci="6" mb="0" cb="0"/><line nr="123" mi="0" ci="3" mb="0" cb="0"/><line nr="126" mi="0" ci="5" mb="0" cb="0"/><line nr="127" mi="0" ci="1" mb="0" cb="0"/><line nr="129" mi="0" ci="4" mb="0" cb="0"/><line nr="131" mi="0" ci="5" mb="0" cb="0"/><line nr="132" mi="0" ci="1" mb="0" cb="0"/><line nr="134" mi="0" ci="3" mb="0" cb="0"/><line nr="135" mi="0" ci="3" mb="0" cb="0"/><line nr="136" mi="0" ci="1" mb="0" cb="0"/><line nr="137" mi="0" ci="1" mb="0" cb="0"/><line nr="138" mi="0" ci="2" mb="0" cb="0"/><line nr="139" mi="0" ci="1" mb="0" cb="0"/><line nr="140" mi="0" ci="1" mb="0" cb="0"/><line nr="148" mi="0" ci="10" mb="0" cb="2"/><line nr="149" mi="0" ci="6" mb="0" cb="0"/><line nr="150" mi="0" ci="2" mb="0" cb="2"/><line nr="151" mi="0" ci="14" mb="0" cb="0"/><line nr="155" mi="0" ci="8" mb="0" cb="0"/><line nr="157" mi="0" ci="1" mb="0" cb="0"/><line nr="158" mi="0" ci="5" mb="0" cb="0"/><line nr="159" mi="0" ci="1" mb="0" cb="0"/><line nr="160" mi="0" ci="4" mb="0" cb="2"/><line nr="161" mi="0" ci="6" mb="0" cb="0"/><line nr="163" mi="0" ci="1" mb="0" cb="0"/><line nr="164" mi="0" ci="1" mb="0" cb="0"/><counter type="INSTRUCTION" missed="0" covered="118"/><counter type="BRANCH" missed="0" covered="8"/><counter type="LINE" missed="0" covered="33"/><counter type="COMPLEXITY" missed="0" covered="9"/><counter type="METHOD" missed="0" covered="5"/><counter type="CLASS" missed="0" covered="1"/></sourcefile><sourcefile name="TransformProjectsIntoReleases.java"><line nr="34" mi="0" ci="3" mb="0" cb="0"/><line nr="43" mi="0" ci="3" mb="0" cb="0"/><line nr="44" mi="0" ci="6" mb="0" cb="0"/><line nr="46" mi="0" ci="5" mb="0" cb="0"/><line nr="47" mi="0" ci="1" mb="0" cb="0"/><line nr="48" mi="0" ci="5" mb="0" cb="0"/><line nr="49" mi="0" ci="1" mb="0" cb="0"/><line nr="50" mi="0" ci="5" mb="0" cb="0"/><line nr="51" mi="0" ci="1" mb="0" cb="0"/><line nr="52" mi="0" ci="4" mb="0" cb="0"/><line nr="54" mi="0" ci="2" mb="0" cb="2"/><line nr="55" mi="0" ci="4" mb="0" cb="0"/><line nr="57" mi="0" ci="4" mb="0" cb="0"/><line nr="58" mi="0" ci="2" mb="0" cb="2"/><line nr="59" mi="0" ci="4" mb="0" cb="0"/><line nr="61" mi="0" ci="4" mb="0" cb="0"/><line nr="62" mi="0" ci="2" mb="0" cb="2"/><line nr="63" mi="0" ci="4" mb="0" cb="0"/><line nr="65" mi="0" ci="4" mb="0" cb="0"/><line nr="67" mi="0" ci="2" mb="0" cb="2"/><line nr="68" mi="0" ci="4" mb="0" cb="0"/><line nr="70" mi="0" ci="1" mb="0" cb="0"/><line nr="74" mi="0" ci="2" mb="0" cb="0"/><line nr="79" mi="0" ci="3" mb="0" cb="0"/><line nr="84" mi="0" ci="3" mb="0" cb="0"/><counter type="INSTRUCTION" missed="0" covered="79"/><counter type="BRANCH" missed="0" covered="8"/><counter type="LINE" missed="0" covered="25"/><counter type="COMPLEXITY" missed="0" covered="9"/><counter type="METHOD" missed="0" covered="5"/><counter type="CLASS" missed="0" covered="1"/></sourcefile><sourcefile name="RebuildReleaseReactor.java"><line nr="40" mi="0" ci="3" mb="0" cb="0"/><line nr="44" mi="0" ci="2" mb="0" cb="0"/><line nr="49" mi="0" ci="4" mb="0" cb="0"/><line nr="54" mi="0" ci="4" mb="0" cb="0"/><line nr="60" mi="0" ci="3" mb="0" cb="0"/><line nr="61" mi="0" ci="6" mb="0" cb="0"/><line nr="62" mi="0" ci="3" mb="0" cb="0"/><line nr="66" mi="0" ci="10" mb="0" cb="2"/><line nr="67" mi="0" ci="3" mb="0" cb="0"/><line nr="69" mi="0" ci="5" mb="0" cb="0"/><line nr="70" mi="0" ci="1" mb="0" cb="0"/><line nr="71" mi="0" ci="1" mb="0" cb="0"/><line nr="72" mi="0" ci="4" mb="0" cb="0"/><line nr="73" mi="0" ci="5" mb="0" cb="0"/><line nr="74" mi="0" ci="1" mb="0" cb="0"/><line nr="75" mi="0" ci="3" mb="0" cb="0"/><line nr="76" mi="0" ci="3" mb="0" cb="2"/><line nr="77" mi="0" ci="3" mb="0" cb="0"/><line nr="79" mi="0" ci="4" mb="0" cb="0"/><line nr="80" mi="0" ci="1" mb="0" cb="0"/><line nr="83" mi="0" ci="3" mb="0" cb="0"/><line nr="84" mi="0" ci="5" mb="0" cb="0"/><line nr="85" mi="0" ci="1" mb="0" cb="0"/><counter type="INSTRUCTION" missed="0" covered="78"/><counter type="BRANCH" missed="0" covered="4"/><counter type="LINE" missed="0" covered="23"/><counter type="COMPLEXITY" missed="0" covered="7"/><counter type="METHOD" missed="0" covered="5"/><counter type="CLASS" missed="0" covered="1"/></sourcefile><sourcefile name="DoPostReleaseFailure.java"><line nr="30" mi="0" ci="3" mb="0" cb="0"/><line nr="37" mi="0" ci="2" mb="0" cb="0"/><line nr="42" mi="0" ci="3" mb="0" cb="0"/><line nr="47" mi="0" ci="3" mb="0" cb="0"/><counter type="INSTRUCTION" missed="0" covered="11"/><counter type="LINE" missed="0" covered="4"/><counter type="COMPLEXITY" missed="0" covered="4"/><counter type="METHOD" missed="0" covered="4"/><counter type="CLASS" missed="0" covered="1"/></sourcefile><sourcefile name="DoPostReleaseSuccess.java"><line nr="30" mi="0" ci="3" mb="0" cb="0"/><line nr="37" mi="0" ci="2" mb="0" cb="0"/><line nr="42" mi="0" ci="3" mb="0" cb="0"/><line nr="47" mi="0" ci="3" mb="0" cb="0"/><counter type="INSTRUCTION" missed="0" covered="11"/><counter type="LINE" missed="0" covered="4"/><counter type="COMPLEXITY" missed="0" covered="4"/><counter type="METHOD" missed="0" covered="4"/><counter type="CLASS" missed="0" covered="1"/></sourcefile><counter type="INSTRUCTION" missed="0" covered="297"/><counter type="BRANCH" missed="0" covered="20"/><counter type="LINE" missed="0" covered="89"/><counter type="COMPLEXITY" missed="0" covered="33"/><counter type="METHOD" missed="0" covered="23"/><counter type="CLASS" missed="0" covered="5"/></package><package name="info/ronjenkins/maven/rtr/exceptions"><class name="info/ronjenkins/maven/rtr/exceptions/SmartReactorReleaseException"><method name="&lt;init&gt;" desc="(Ljava/lang/String;)V" line="38"><counter type="INSTRUCTION" missed="0" covered="13"/><counter type="BRANCH" missed="0" covered="2"/><counter type="LINE" missed="0" covered="3"/><counter type="COMPLEXITY" missed="0" covered="2"/><counter type="METHOD" missed="0" covered="1"/></method><method name="&lt;init&gt;" desc="(Ljava/lang/Throwable;)V" line="49"><counter type="INSTRUCTION" missed="0" covered="5"/><counter type="LINE" missed="0" covered="2"/><counter type="COMPLEXITY" missed="0" covered="1"/><counter type="METHOD" missed="0" covered="1"/></method><counter type="INSTRUCTION" missed="0" covered="18"/><counter type="BRANCH" missed="0" covered="2"/><counter type="LINE" missed="0" covered="5"/><counter type="COMPLEXITY" missed="0" covered="3"/><counter type="METHOD" missed="0" covered="2"/><counter type="CLASS" missed="0" covered="1"/></class><class name="info/ronjenkins/maven/rtr/exceptions/SmartReactorSanityCheckException"><method name="&lt;init&gt;" desc="(Ljava/lang/String;)V" line="36"><counter type="INSTRUCTION" missed="0" covered="8"/><counter type="LINE" missed="0" covered="2"/><counter type="COMPLEXITY" missed="0" covered="1"/><counter type="METHOD" missed="0" covered="1"/></method><counter type="INSTRUCTION" missed="0" covered="8"/><counter type="LINE" missed="0" covered="2"/><counter type="COMPLEXITY" missed="0" covered="1"/><counter type="METHOD" missed="0" covered="1"/><counter type="CLASS" missed="0" covered="1"/></class><sourcefile name="SmartReactorReleaseException.java"><line nr="38" mi="0" ci="6" mb="0" cb="0"/><line nr="39" mi="0" ci="6" mb="0" cb="2"/><line nr="40" mi="0" ci="1" mb="0" cb="0"/><line nr="49" mi="0" ci="4" mb="0" cb="0"/><line nr="50" mi="0" ci="1" mb="0" cb="0"/><counter type="INSTRUCTION" missed="0" covered="18"/><counter type="BRANCH" missed="0" covered="2"/><counter type="LINE" missed="0" covered="5"/><counter type="COMPLEXITY" missed="0" covered="3"/><counter type="METHOD" missed="0" covered="2"/><counter type="CLASS" missed="0" covered="1"/></sourcefile><sourcefile name="SmartReactorSanityCheckException.java"><line nr="36" mi="0" ci="7" mb="0" cb="0"/><line nr="38" mi="0" ci="1" mb="0" cb="0"/><counter type="INSTRUCTION" missed="0" covered="8"/><counter type="LINE" missed="0" covered="2"/><counter type="COMPLEXITY" missed="0" covered="1"/><counter type="METHOD" missed="0" covered="1"/><counter type="CLASS" missed="0" covered="1"/></sourcefile><counter type="INSTRUCTION" missed="0" covered="26"/><counter type="BRANCH" missed="0" covered="2"/><counter type="LINE" missed="0" covered="7"/><counter type="COMPLEXITY" missed="0" covered="4"/><counter type="METHOD" missed="0" covered="3"/><counter type="CLASS" missed="0" covered="2"/></package><package name="info/ronjenkins/maven/rtr/steps"><class name="info/ronjenkins/maven/rtr/steps/ValidateSmartReactorEligibility"><method name="&lt;init&gt;" desc="()V" line="37"><counter type="INSTRUCTION" missed="0" covered="3"/><counter type="LINE" missed="0" covered="1"/><counter type="COMPLEXITY" missed="0" covered="1"/><counter type="METHOD" missed="0" covered="1"/></method><method name="execute" desc="(Lorg/apache/maven/execution/MavenSession;Linfo/ronjenkins/maven/rtr/RTRComponents;)V" line="43"><counter type="INSTRUCTION" missed="0" covered="129"/><counter type="BRANCH" missed="0" covered="14"/><counter type="LINE" missed="0" covered="26"/><counter type="COMPLEXITY" missed="0" covered="8"/><counter type="METHOD" missed="0" covered="1"/></method><counter type="INSTRUCTION" missed="0" covered="132"/><counter type="BRANCH" missed="0" covered="14"/><counter type="LINE" missed="0" covered="27"/><counter type="COMPLEXITY" missed="0" covered="9"/><counter type="METHOD" missed="0" covered="2"/><counter type="CLASS" missed="0" covered="1"/></class><class name="info/ronjenkins/maven/rtr/steps/PerformSmartReactorSanityChecks"><method name="&lt;init&gt;" desc="()V" line="33"><counter type="INSTRUCTION" missed="0" covered="3"/><counter type="LINE" missed="0" covered="1"/><counter type="COMPLEXITY" missed="0" covered="1"/><counter type="METHOD" missed="0" covered="1"/></method><method name="execute" desc="(Lorg/apache/maven/execution/MavenSession;Linfo/ronjenkins/maven/rtr/RTRComponents;)V" line="39"><counter type="INSTRUCTION" missed="0" covered="28"/><counter type="BRANCH" missed="0" covered="6"/><counter type="LINE" missed="0" covered="7"/><counter type="COMPLEXITY" missed="0" covered="4"/><counter type="METHOD" missed="0" covered="1"/></method><counter type="INSTRUCTION" missed="0" covered="31"/><counter type="BRANCH" missed="0" covered="6"/><counter type="LINE" missed="0" covered="8"/><counter type="COMPLEXITY" missed="0" covered="5"/><counter type="METHOD" missed="0" covered="2"/><counter type="CLASS" missed="0" covered="1"/></class><class name="info/ronjenkins/maven/rtr/steps/RebuildProjectDependencyGraph"><method name="&lt;init&gt;" desc="()V" line="34"><counter type="INSTRUCTION" missed="0" covered="3"/><counter type="LINE" missed="0" covered="1"/><counter type="COMPLEXITY" missed="0" covered="1"/><counter type="METHOD" missed="0" covered="1"/></method><method name="execute" desc="(Lorg/apache/maven/execution/MavenSession;Linfo/ronjenkins/maven/rtr/RTRComponents;)V" line="40"><counter type="INSTRUCTION" missed="0" covered="20"/><counter type="LINE" missed="0" covered="7"/><counter type="COMPLEXITY" missed="0" covered="1"/><counter type="METHOD" missed="0" covered="1"/></method><counter type="INSTRUCTION" missed="0" covered="23"/><counter type="LINE" missed="0" covered="8"/><counter type="COMPLEXITY" missed="0" covered="2"/><counter type="METHOD" missed="0" covered="2"/><counter type="CLASS" missed="0" covered="1"/></class><class name="info/ronjenkins/maven/rtr/steps/AbstractSmartReactorStep"><method name="&lt;init&gt;" desc="()V" line="26"><counter type="INSTRUCTION" missed="0" covered="3"/><counter type="LINE" missed="0" covered="1"/><counter type="COMPLEXITY" missed="0" covered="1"/><counter type="METHOD" missed="0" covered="1"/></method><counter type="INSTRUCTION" missed="0" covered="3"/><counter type="LINE" missed="0" covered="1"/><counter type="COMPLEXITY" missed="0" covered="1"/><counter type="METHOD" missed="0" covered="1"/><counter type="CLASS" missed="0" covered="1"/></class><class name="info/ronjenkins/maven/rtr/steps/BuildSmartReactor"><method name="&lt;init&gt;" desc="()V" line="32"><counter type="INSTRUCTION" missed="0" covered="3"/><counter type="LINE" missed="0" covered="1"/><counter type="COMPLEXITY" missed="0" covered="1"/><counter type="METHOD" missed="0" covered="1"/></method><method name="execute" desc="(Lorg/apache/maven/execution/MavenSession;Linfo/ronjenkins/maven/rtr/RTRComponents;)V" line="39"><counter type="INSTRUCTION" missed="0" covered="19"/><counter type="BRANCH" missed="0" covered="4"/><counter type="LINE" missed="0" covered="6"/><counter type="COMPLEXITY" missed="0" covered="3"/><counter type="METHOD" missed="0" covered="1"/></method><counter type="INSTRUCTION" missed="0" covered="22"/><counter type="BRANCH" missed="0" covered="4"/><counter type="LINE" missed="0" covered="7"/><counter type="COMPLEXITY" missed="0" covered="4"/><counter type="METHOD" missed="0" covered="2"/><counter type="CLASS" missed="0" covered="1"/></class><sourcefile name="ValidateSmartReactorEligibility.java"><line nr="37" mi="0" ci="3" mb="0" cb="0"/><line nr="43" mi="0" ci="3" mb="0" cb="0"/><line nr="44" mi="0" ci="4" mb="0" cb="2"/><line nr="45" mi="0" ci="4" mb="0" cb="0"/><line nr="46" mi="0" ci="13" mb="0" cb="0"/><line nr="47" mi="0" ci="4" mb="0" cb="0"/><line nr="48" mi="0" ci="5" mb="0" cb="0"/><line nr="52" mi="0" ci="3" mb="0" cb="0"/><line nr="53" mi="0" ci="4" mb="0" cb="0"/><line nr="54" mi="0" ci="11" mb="0" cb="2"/><line nr="55" mi="0" ci="4" mb="0" cb="2"/><line nr="56" mi="0" ci="13" mb="0" cb="2"/><line nr="58" mi="0" ci="4" mb="0" cb="2"/><line nr="59" mi="0" ci="4" mb="0" cb="0"/><line nr="61" mi="0" ci="1" mb="0" cb="0"/><line nr="63" mi="0" ci="1" mb="0" cb="0"/><line nr="65" mi="0" ci="3" mb="0" cb="2"/><line nr="66" mi="0" ci="4" mb="0" cb="0"/><line nr="67" mi="0" ci="3" mb="0" cb="0"/><line nr="68" mi="0" ci="1" mb="0" cb="0"/><line nr="69" mi="0" ci="10" mb="0" cb="2"/><line nr="70" mi="0" ci="15" mb="0" cb="0"/><line nr="71" mi="0" ci="4" mb="0" cb="0"/><line nr="72" mi="0" ci="1" mb="0" cb="0"/><line nr="73" mi="0" ci="4" mb="0" cb="0"/><line nr="74" mi="0" ci="5" mb="0" cb="0"/><line nr="77" mi="0" ci="1" mb="0" cb="0"/><counter type="INSTRUCTION" missed="0" covered="132"/><counter type="BRANCH" missed="0" covered="14"/><counter type="LINE" missed="0" covered="27"/><counter type="COMPLEXITY" missed="0" covered="9"/><counter type="METHOD" missed="0" covered="2"/><counter type="CLASS" missed="0" covered="1"/></sourcefile><sourcefile name="BuildSmartReactor.java"><line nr="32" mi="0" ci="3" mb="0" cb="0"/><line nr="39" mi="0" ci="4" mb="0" cb="0"/><line nr="41" mi="0" ci="3" mb="0" cb="2"/><line nr="42" mi="0" ci="4" mb="0" cb="0"/><line nr="43" mi="0" ci="4" mb="0" cb="2"/><line nr="44" mi="0" ci="3" mb="0" cb="0"/><line nr="47" mi="0" ci="1" mb="0" cb="0"/><counter type="INSTRUCTION" missed="0" covered="22"/><counter type="BRANCH" missed="0" covered="4"/><counter type="LINE" missed="0" covered="7"/><counter type="COMPLEXITY" missed="0" covered="4"/><counter type="METHOD" missed="0" covered="2"/><counter type="CLASS" missed="0" covered="1"/></sourcefile><sourcefile name="RebuildProjectDependencyGraph.java"><line nr="34" mi="0" ci="3" mb="0" cb="0"/><line nr="40" mi="0" ci="5" mb="0" cb="0"/><line nr="41" mi="0" ci="2" mb="0" cb="0"/><line nr="42" mi="0" ci="1" mb="0" cb="0"/><line nr="43" mi="0" ci="4" mb="0" cb="0"/><line nr="44" mi="0" ci="6" mb="0" cb="0"/><line nr="46" mi="0" ci="1" mb="0" cb="0"/><line nr="47" mi="0" ci="1" mb="0" cb="0"/><counter type="INSTRUCTION" missed="0" covered="23"/><counter type="LINE" missed="0" covered="8"/><counter type="COMPLEXITY" missed="0" covered="2"/><counter type="METHOD" missed="0" covered="2"/><counter type="CLASS" missed="0" covered="1"/></sourcefile><sourcefile name="AbstractSmartReactorStep.java"><line nr="26" mi="0" ci="3" mb="0" cb="0"/><counter type="INSTRUCTION" missed="0" covered="3"/><counter type="LINE" missed="0" covered="1"/><counter type="COMPLEXITY" missed="0" covered="1"/><counter type="METHOD" missed="0" covered="1"/><counter type="CLASS" missed="0" covered="1"/></sourcefile><sourcefile name="PerformSmartReactorSanityChecks.java"><line nr="33" mi="0" ci="3" mb="0" cb="0"/><line nr="39" mi="0" ci="5" mb="0" cb="2"/><line nr="40" mi="0" ci="3" mb="0" cb="0"/><line nr="41" mi="0" ci="8" mb="0" cb="2"/><line nr="42" mi="0" ci="2" mb="0" cb="2"/><line nr="43" mi="0" ci="4" mb="0" cb="0"/><line nr="44" mi="0" ci="5" mb="0" cb="0"/><line nr="49" mi="0" ci="1" mb="0" cb="0"/><counter type="INSTRUCTION" missed="0" covered="31"/><counter type="BRANCH" missed="0" covered="6"/><counter type="LINE" missed="0" covered="8"/><counter type="COMPLEXITY" missed="0" covered="5"/><counter type="METHOD" missed="0" covered="2"/><counter type="CLASS" missed="0" covered="1"/></sourcefile><counter type="INSTRUCTION" missed="0" covered="211"/><counter type="BRANCH" missed="0" covered="24"/><counter type="LINE" missed="0" covered="51"/><counter type="COMPLEXITY" missed="0" covered="21"/><counter type="METHOD" missed="0" covered="9"/><counter type="CLASS" missed="0" covered="5"/></package><package name="info/ronjenkins/maven/rtr"><class name="info/ronjenkins/maven/rtr/RTR"><method name="&lt;init&gt;" desc="()V" line="38"><counter type="INSTRUCTION" missed="0" covered="3"/><counter type="LINE" missed="0" covered="1"/><counter type="COMPLEXITY" missed="0" covered="1"/><counter type="METHOD" missed="0" covered="1"/></method><method name="afterProjectsRead" desc="(Lorg/apache/maven/execution/MavenSession;)V" line="68"><counter type="INSTRUCTION" missed="0" covered="41"/><counter type="BRANCH" missed="0" covered="2"/><counter type="LINE" missed="0" covered="10"/><counter type="COMPLEXITY" missed="0" covered="2"/><counter type="METHOD" missed="0" covered="1"/></method><method name="afterSessionEnd" desc="(Lorg/apache/maven/execution/MavenSession;)V" line="85"><counter type="INSTRUCTION" missed="0" covered="24"/><counter type="BRANCH" missed="0" covered="4"/><counter type="LINE" missed="0" covered="6"/><counter type="COMPLEXITY" missed="0" covered="3"/><counter type="METHOD" missed="0" covered="1"/></method><method name="executeSteps" desc="(Ljava/util/List;Lorg/apache/maven/execution/MavenSession;Linfo/ronjenkins/maven/rtr/RTRComponents;)V" line="99"><counter type="INSTRUCTION" missed="0" covered="41"/><counter type="BRANCH" missed="0" covered="4"/><counter type="LINE" missed="0" covered="7"/><counter type="COMPLEXITY" missed="0" covered="3"/><counter type="METHOD" missed="0" covered="1"/></method><method name="isBackupPomsCreated" desc="()Z" line="116"><counter type="INSTRUCTION" missed="0" covered="3"/><counter type="LINE" missed="0" covered="1"/><counter type="COMPLEXITY" missed="0" covered="1"/><counter type="METHOD" missed="0" covered="1"/></method><method name="isExternalSnapshotsAllowed" desc="()Z" line="126"><counter type="INSTRUCTION" missed="0" covered="3"/><counter type="LINE" missed="0" covered="1"/><counter type="COMPLEXITY" missed="0" covered="1"/><counter type="METHOD" missed="0" covered="1"/></method><method name="isRelease" desc="()Z" line="135"><counter type="INSTRUCTION" missed="0" covered="3"/><counter type="LINE" missed="0" covered="1"/><counter type="COMPLEXITY" missed="0" covered="1"/><counter type="METHOD" missed="0" covered="1"/></method><method name="setBackupPomsCreated" desc="(Z)V" line="146"><counter type="INSTRUCTION" missed="0" covered="4"/><counter type="LINE" missed="0" covered="2"/><counter type="COMPLEXITY" missed="0" covered="1"/><counter type="METHOD" missed="0" covered="1"/></method><counter type="INSTRUCTION" missed="0" covered="122"/><counter type="BRANCH" missed="0" covered="10"/><counter type="LINE" missed="0" covered="29"/><counter type="COMPLEXITY" missed="0" covered="13"/><counter type="METHOD" missed="0" covered="8"/><counter type="CLASS" missed="0" covered="1"/></class><class name="info/ronjenkins/maven/rtr/RTRComponents"><method name="&lt;init&gt;" desc="(Lorg/apache/maven/project/ProjectBuilder;)V" line="38"><counter type="INSTRUCTION" missed="0" covered="9"/><counter type="LINE" missed="0" covered="4"/><counter type="COMPLEXITY" missed="0" covered="1"/><counter type="METHOD" missed="0" covered="1"/></method><method name="getProjectBuilder" desc="()Lorg/apache/maven/project/ProjectBuilder;" line="49"><counter type="INSTRUCTION" missed="0" covered="3"/><counter type="LINE" missed="0" covered="1"/><counter type="COMPLEXITY" missed="0" covered="1"/><counter type="METHOD" missed="0" covered="1"/></method><counter type="INSTRUCTION" missed="0" covered="12"/><counter type="LINE" missed="0" covered="5"/><counter type="COMPLEXITY" missed="0" covered="2"/><counter type="METHOD" missed="0" covered="2"/><counter type="CLASS" missed="0" covered="1"/></class><class name="info/ronjenkins/maven/rtr/RTRConfig"><method name="&lt;init&gt;" desc="()V" line="53"><counter type="INSTRUCTION" missed="0" covered="3"/><counter type="LINE" missed="0" covered="2"/><counter type="COMPLEXITY" missed="0" covered="1"/><counter type="METHOD" missed="0" covered="1"/></method><method name="getProjectVersionPolicyId" desc="(Lorg/apache/maven/execution/MavenSession;Lorg/apache/maven/project/MavenProject;)Ljava/lang/String;" line="67"><counter type="INSTRUCTION" missed="0" covered="10"/><counter type="LINE" missed="0" covered="2"/><counter type="COMPLEXITY" missed="0" covered="1"/><counter type="METHOD" missed="0" covered="1"/></method><method name="getReleaseVersion" desc="(Lorg/apache/maven/execution/MavenSession;Lorg/apache/maven/project/MavenProject;)Ljava/lang/String;" line="84"><counter type="INSTRUCTION" missed="0" covered="8"/><counter type="LINE" missed="0" covered="2"/><counter type="COMPLEXITY" missed="0" covered="1"/><counter type="METHOD" missed="0" covered="1"/></method><method name="getTag" desc="(Lorg/apache/maven/execution/MavenSession;Lorg/apache/maven/project/MavenProject;)Ljava/lang/String;" line="100"><counter type="INSTRUCTION" missed="0" covered="8"/><counter type="LINE" missed="0" covered="2"/><counter type="COMPLEXITY" missed="0" covered="1"/><counter type="METHOD" missed="0" covered="1"/></method><method name="getTagBase" desc="(Lorg/apache/maven/execution/MavenSession;Lorg/apache/maven/project/MavenProject;)Ljava/lang/String;" line="115"><counter type="INSTRUCTION" missed="0" covered="8"/><counter type="LINE" missed="0" covered="2"/><counter type="COMPLEXITY" missed="0" covered="1"/><counter type="METHOD" missed="0" covered="1"/></method><method name="getTagNameFormat" desc="(Lorg/apache/maven/execution/MavenSession;Lorg/apache/maven/project/MavenProject;)Ljava/lang/String;" line="130"><counter type="INSTRUCTION" missed="0" covered="8"/><counter type="LINE" missed="0" covered="3"/><counter type="COMPLEXITY" missed="0" covered="1"/><counter type="METHOD" missed="0" covered="1"/></method><method name="isAddSchema" desc="(Lorg/apache/maven/execution/MavenSession;Lorg/apache/maven/project/MavenProject;)Z" line="146"><counter type="INSTRUCTION" missed="0" covered="9"/><counter type="LINE" missed="0" covered="2"/><counter type="COMPLEXITY" missed="0" covered="1"/><counter type="METHOD" missed="0" covered="1"/></method><method name="isAllowTimestampedSnapshots" desc="(Lorg/apache/maven/execution/MavenSession;Lorg/apache/maven/project/MavenProject;)Z" line="162"><counter type="INSTRUCTION" missed="0" covered="9"/><counter type="LINE" missed="0" covered="2"/><counter type="COMPLEXITY" missed="0" covered="1"/><counter type="METHOD" missed="0" covered="1"/></method><method name="isAutoVersionSubmodules" desc="(Lorg/apache/maven/execution/MavenSession;Lorg/apache/maven/project/MavenProject;)Z" line="178"><counter type="INSTRUCTION" missed="0" covered="9"/><counter type="LINE" missed="0" covered="2"/><counter type="COMPLEXITY" missed="0" covered="1"/><counter type="METHOD" missed="0" covered="1"/></method><method name="isDisabled" desc="(Lorg/apache/maven/execution/MavenSession;Lorg/apache/maven/project/MavenProject;)Z" line="194"><counter type="INSTRUCTION" missed="0" covered="9"/><counter type="LINE" missed="0" covered="2"/><counter type="COMPLEXITY" missed="0" covered="1"/><counter type="METHOD" missed="0" covered="1"/></method><method name="isExternalSnapshotsAllowed" desc="(Lorg/apache/maven/execution/MavenSession;Lorg/apache/maven/project/MavenProject;)Z" line="211"><counter type="INSTRUCTION" missed="0" covered="9"/><counter type="LINE" missed="0" covered="2"/><counter type="COMPLEXITY" missed="0" covered="1"/><counter type="METHOD" missed="0" covered="1"/></method><method name="isRelease" desc="(Lorg/apache/maven/execution/MavenSession;Lorg/apache/maven/project/MavenProject;)Z" line="227"><counter type="INSTRUCTION" missed="0" covered="9"/><counter type="LINE" missed="0" covered="2"/><counter type="COMPLEXITY" missed="0" covered="1"/><counter type="METHOD" missed="0" covered="1"/></method><method name="isSinglePomReactorAllowed" desc="(Lorg/apache/maven/execution/MavenSession;Lorg/apache/maven/project/MavenProject;)Z" line="244"><counter type="INSTRUCTION" missed="0" covered="9"/><counter type="LINE" missed="0" covered="2"/><counter type="COMPLEXITY" missed="0" covered="1"/><counter type="METHOD" missed="0" covered="1"/></method><method name="checkParameters" desc="(Lorg/apache/maven/execution/MavenSession;Lorg/apache/maven/project/MavenProject;)V" line="255"><counter type="INSTRUCTION" missed="0" covered="10"/><counter type="BRANCH" missed="0" covered="4"/><counter type="LINE" missed="0" covered="3"/><counter type="COMPLEXITY" missed="0" covered="3"/><counter type="METHOD" missed="0" covered="1"/></method><method name="getFlag" desc="(Ljava/lang/String;ZLorg/apache/maven/execution/MavenSession;Lorg/apache/maven/project/MavenProject;)Z" line="262"><counter type="INSTRUCTION" missed="0" covered="14"/><counter type="BRANCH" missed="0" covered="2"/><counter type="LINE" missed="0" covered="2"/><counter type="COMPLEXITY" missed="0" covered="2"/><counter type="METHOD" missed="0" covered="1"/></method><method name="getProperty" desc="(Ljava/lang/String;Lorg/apache/maven/execution/MavenSession;Lorg/apache/maven/project/MavenProject;)Ljava/lang/String;" line="269"><counter type="INSTRUCTION" missed="0" covered="24"/><counter type="BRANCH" missed="0" covered="4"/><counter type="LINE" missed="0" covered="7"/><counter type="COMPLEXITY" missed="0" covered="3"/><counter type="METHOD" missed="0" covered="1"/></method><counter type="INSTRUCTION" missed="0" covered="156"/><counter type="BRANCH" missed="0" covered="10"/><counter type="LINE" missed="0" covered="39"/><counter type="COMPLEXITY" missed="0" covered="21"/><counter type="METHOD" missed="0" covered="16"/><counter type="CLASS" missed="0" covered="1"/></class><sourcefile name="RTRConfig.java"><line nr="53" mi="0" ci="2" mb="0" cb="0"/><line nr="54" mi="0" ci="1" mb="0" cb="0"/><line nr="67" mi="0" ci="3" mb="0" cb="0"/><line nr="68" mi="0" ci="7" mb="0" cb="0"/><line nr="84" mi="0" ci="3" mb="0" cb="0"/><line nr="85" mi="0" ci="5" mb="0" cb="0"/><line nr="100" mi="0" ci="3" mb="0" cb="0"/><line nr="101" mi="0" ci="5" mb="0" cb="0"/><line nr="115" mi="0" ci="3" mb="0" cb="0"/><line nr="116" mi="0" ci="5" mb="0" cb="0"/><line nr="130" mi="0" ci="3" mb="0" cb="0"/><line nr="131" mi="0" ci="3" mb="0" cb="0"/><line nr="132" mi="0" ci="2" mb="0" cb="0"/><line nr="146" mi="0" ci="3" mb="0" cb="0"/><line nr="147" mi="0" ci="6" mb="0" cb="0"/><line nr="162" mi="0" ci="3" mb="0" cb="0"/><line nr="163" mi="0" ci="6" mb="0" cb="0"/><line nr="178" mi="0" ci="3" mb="0" cb="0"/><line nr="179" mi="0" ci="6" mb="0" cb="0"/><line nr="194" mi="0" ci="3" mb="0" cb="0"/><line nr="195" mi="0" ci="6" mb="0" cb="0"/><line nr="211" mi="0" ci="3" mb="0" cb="0"/><line nr="212" mi="0" ci="6" mb="0" cb="0"/><line nr="227" mi="0" ci="3" mb="0" cb="0"/><line nr="228" mi="0" ci="6" mb="0" cb="0"/><line nr="244" mi="0" ci="3" mb="0" cb="0"/><line nr="245" mi="0" ci="6" mb="0" cb="0"/><line nr="255" mi="0" ci="4" mb="0" cb="4"/><line nr="256" mi="0" ci="5" mb="0" cb="0"/><line nr="258" mi="0" ci="1" mb="0" cb="0"/><line nr="262" mi="0" ci="5" mb="0" cb="0"/><line nr="263" mi="0" ci="9" mb="0" cb="2"/><line nr="269" mi="0" ci="2" mb="0" cb="2"/><line nr="270" mi="0" ci="5" mb="0" cb="0"/><line nr="271" mi="0" ci="2" mb="0" cb="2"/><line nr="272" mi="0" ci="5" mb="0" cb="0"/><line nr="274" mi="0" ci="3" mb="0" cb="0"/><line nr="275" mi="0" ci="4" mb="0" cb="0"/><line nr="276" mi="0" ci="3" mb="0" cb="0"/><counter type="INSTRUCTION" missed="0" covered="156"/><counter type="BRANCH" missed="0" covered="10"/><counter type="LINE" missed="0" covered="39"/><counter type="COMPLEXITY" missed="0" covered="21"/><counter type="METHOD" missed="0" covered="16"/><counter type="CLASS" missed="0" covered="1"/></sourcefile><sourcefile name="RTRComponents.java"><line nr="38" mi="0" ci="2" mb="0" cb="0"/><line nr="39" mi="0" ci="3" mb="0" cb="0"/><line nr="40" mi="0" ci="3" mb="0" cb="0"/><line nr="41" mi="0" ci="1" mb="0" cb="0"/><line nr="49" mi="0" ci="3" mb="0" cb="0"/><counter type="INSTRUCTION" missed="0" covered="12"/><counter type="LINE" missed="0" covered="5"/><counter type="COMPLEXITY" missed="0" covered="2"/><counter type="METHOD" missed="0" covered="2"/><counter type="CLASS" missed="0" covered="1"/></sourcefile><sourcefile name="RTR.java"><line nr="38" mi="0" ci="3" mb="0" cb="0"/><line nr="68" mi="0" ci="3" mb="0" cb="0"/><line nr="69" mi="0" ci="5" mb="0" cb="0"/><line nr="70" mi="0" ci="3" mb="0" cb="2"/><line nr="71" mi="0" ci="1" mb="0" cb="0"/><line nr="73" mi="0" ci="5" mb="0" cb="0"/><line nr="74" mi="0" ci="5" mb="0" cb="0"/><line nr="76" mi="0" ci="4" mb="0" cb="0"/><line nr="77" mi="0" ci="7" mb="0" cb="0"/><line nr="78" mi="0" ci="7" mb="0" cb="0"/><line nr="80" mi="0" ci="1" mb="0" cb="0"/><line nr="85" mi="0" ci="3" mb="0" cb="2"/><line nr="86" mi="0" ci="1" mb="0" cb="0"/><line nr="88" mi="0" ci="4" mb="0" cb="2"/><line nr="89" mi="0" ci="8" mb="0" cb="0"/><line nr="91" mi="0" ci="7" mb="0" cb="0"/><line nr="93" mi="0" ci="1" mb="0" cb="0"/><line nr="99" mi="0" ci="10" mb="0" cb="2"/><line nr="100" mi="0" ci="6" mb="0" cb="0"/><line nr="101" mi="0" ci="2" mb="0" cb="2"/><line nr="102" mi="0" ci="17" mb="0" cb="0"/><line nr="105" mi="0" ci="4" mb="0" cb="0"/><line nr="106" mi="0" ci="1" mb="0" cb="0"/><line nr="107" mi="0" ci="1" mb="0" cb="0"/><line nr="116" mi="0" ci="3" mb="0" cb="0"/><line nr="126" mi="0" ci="3" mb="0" cb="0"/><line nr="135" mi="0" ci="3" mb="0" cb="0"/><line nr="146" mi="0" ci="3" mb="0" cb="0"/><line nr="147" mi="0" ci="1" mb="0" cb="0"/><counter type="INSTRUCTION" missed="0" covered="122"/><counter type="BRANCH" missed="0" covered="10"/><counter type="LINE" missed="0" covered="29"/><counter type="COMPLEXITY" missed="0" covered="13"/><counter type="METHOD" missed="0" covered="8"/><counter type="CLASS" missed="0" covered="1"/></sourcefile><counter type="INSTRUCTION" missed="0" covered="290"/><counter type="BRANCH" missed="0" covered="20"/><counter type="LINE" missed="0" covered="73"/><counter type="COMPLEXITY" missed="0" covered="36"/><counter type="METHOD" missed="0" covered="26"/><counter type="CLASS" missed="0" covered="3"/></package><package name="info/ronjenkins/maven/rtr/releasephases"><class name="info/ronjenkins/maven/rtr/releasephases/RemoveBackupPomsPhase"><method name="&lt;init&gt;" desc="()V" line="44"><counter type="INSTRUCTION" missed="0" covered="3"/><counter type="LINE" missed="0" covered="1"/><counter type="COMPLEXITY" missed="0" covered="1"/><counter type="METHOD" missed="0" covered="1"/></method><method name="execute" desc="(Lorg/apache/maven/shared/release/config/ReleaseDescriptor;Lorg/apache/maven/shared/release/env/ReleaseEnvironment;Ljava/util/List;)Lorg/apache/maven/shared/release/ReleaseResult;" line="68"><counter type="INSTRUCTION" missed="0" covered="27"/><counter type="BRANCH" missed="0" covered="4"/><counter type="LINE" missed="0" covered="7"/><counter type="COMPLEXITY" missed="0" covered="3"/><counter type="METHOD" missed="0" covered="1"/></method><method name="simulate" desc="(Lorg/apache/maven/shared/release/config/ReleaseDescriptor;Lorg/apache/maven/shared/release/env/ReleaseEnvironment;Ljava/util/List;)Lorg/apache/maven/shared/release/ReleaseResult;" line="98"><counter type="INSTRUCTION" missed="0" covered="6"/><counter type="LINE" missed="0" covered="1"/><counter type="COMPLEXITY" missed="0" covered="1"/><counter type="METHOD" missed="0" covered="1"/></method><counter type="INSTRUCTION" missed="0" covered="36"/><counter type="BRANCH" missed="0" covered="4"/><counter type="LINE" missed="0" covered="9"/><counter type="COMPLEXITY" missed="0" covered="5"/><counter type="METHOD" missed="0" covered="3"/><counter type="CLASS" missed="0" covered="1"/></class><class name="info/ronjenkins/maven/rtr/releasephases/DefensiveRestoreBackupPomsPhase"><method name="&lt;init&gt;" desc="()V" line="42"><counter type="INSTRUCTION" missed="0" covered="3"/><counter type="LINE" missed="0" covered="1"/><counter type="COMPLEXITY" missed="0" covered="1"/><counter type="METHOD" missed="0" covered="1"/></method><method name="execute" desc="(Lorg/apache/maven/shared/release/config/ReleaseDescriptor;Lorg/apache/maven/shared/release/env/ReleaseEnvironment;Ljava/util/List;)Lorg/apache/maven/shared/release/ReleaseResult;" line="67"><counter type="INSTRUCTION" missed="0" covered="20"/><counter type="BRANCH" missed="0" covered="2"/><counter type="LINE" missed="0" covered="5"/><counter type="COMPLEXITY" missed="0" covered="2"/><counter type="METHOD" missed="0" covered="1"/></method><method name="simulate" desc="(Lorg/apache/maven/shared/release/config/ReleaseDescriptor;Lorg/apache/maven/shared/release/env/ReleaseEnvironment;Ljava/util/List;)Lorg/apache/maven/shared/release/ReleaseResult;" line="96"><counter type="INSTRUCTION" missed="0" covered="6"/><counter type="LINE" missed="0" covered="1"/><counter type="COMPLEXITY" missed="0" covered="1"/><counter type="METHOD" missed="0" covered="1"/></method><counter type="INSTRUCTION" missed="0" covered="29"/><counter type="BRANCH" missed="0" covered="2"/><counter type="LINE" missed="0" covered="7"/><counter type="COMPLEXITY" missed="0" covered="4"/><counter type="METHOD" missed="0" covered="3"/><counter type="CLASS" missed="0" covered="1"/></class><class name="info/ronjenkins/maven/rtr/releasephases/ConditionalCheckDependencySnapshotsPhase"><method name="&lt;init&gt;" desc="()V" line="26"><counter type="INSTRUCTION" missed="0" covered="3"/><counter type="LINE" missed="0" covered="1"/><counter type="COMPLEXITY" missed="0" covered="1"/><counter type="METHOD" missed="0" covered="1"/></method><method name="execute" desc="(Lorg/apache/maven/shared/release/config/ReleaseDescriptor;Lorg/apache/maven/shared/release/env/ReleaseEnvironment;Ljava/util/List;)Lorg/apache/maven/shared/release/ReleaseResult;" line="54"><counter type="INSTRUCTION" missed="0" covered="24"/><counter type="BRANCH" missed="0" covered="2"/><counter type="LINE" missed="0" covered="7"/><counter type="COMPLEXITY" missed="0" covered="2"/><counter type="METHOD" missed="0" covered="1"/></method><method name="simulate" desc="(Lorg/apache/maven/shared/release/config/ReleaseDescriptor;Lorg/apache/maven/shared/release/env/ReleaseEnvironment;Ljava/util/List;)Lorg/apache/maven/shared/release/ReleaseResult;" line="85"><counter type="INSTRUCTION" missed="0" covered="6"/><counter type="LINE" missed="0" covered="1"/><counter type="COMPLEXITY" missed="0" covered="1"/><counter type="METHOD" missed="0" covered="1"/></method><counter type="INSTRUCTION" missed="0" covered="33"/><counter type="BRANCH" missed="0" covered="2"/><counter type="LINE" missed="0" covered="9"/><counter type="COMPLEXITY" missed="0" covered="4"/><counter type="METHOD" missed="0" covered="3"/><counter type="CLASS" missed="0" covered="1"/></class><class name="info/ronjenkins/maven/rtr/releasephases/IndicatePresenceOfBackupPomsPhase"><method name="&lt;init&gt;" desc="()V" line="43"><counter type="INSTRUCTION" missed="0" covered="3"/><counter type="LINE" missed="0" covered="1"/><counter type="COMPLEXITY" missed="0" covered="1"/><counter type="METHOD" missed="0" covered="1"/></method><method name="execute" desc="(Lorg/apache/maven/shared/release/config/ReleaseDescriptor;Lorg/apache/maven/shared/release/env/ReleaseEnvironment;Ljava/util/List;)Lorg/apache/maven/shared/release/ReleaseResult;" line="68"><counter type="INSTRUCTION" missed="0" covered="13"/><counter type="LINE" missed="0" covered="4"/><counter type="COMPLEXITY" missed="0" covered="1"/><counter type="METHOD" missed="0" covered="1"/></method><method name="simulate" desc="(Lorg/apache/maven/shared/release/config/ReleaseDescriptor;Lorg/apache/maven/shared/release/env/ReleaseEnvironment;Ljava/util/List;)Lorg/apache/maven/shared/release/ReleaseResult;" line="94"><counter type="INSTRUCTION" missed="0" covered="6"/><counter type="LINE" missed="0" covered="1"/><counter type="COMPLEXITY" missed="0" covered="1"/><counter type="METHOD" missed="0" covered="1"/></method><counter type="INSTRUCTION" missed="0" covered="22"/><counter type="LINE" missed="0" covered="6"/><counter type="COMPLEXITY" missed="0" covered="3"/><counter type="METHOD" missed="0" covered="3"/><counter type="CLASS" missed="0" covered="1"/></class><sourcefile name="ConditionalCheckDependencySnapshotsPhase.java"><line nr="26" mi="0" ci="3" mb="0" cb="0"/><line nr="54" mi="0" ci="4" mb="0" cb="2"/><line nr="55" mi="0" ci="3" mb="0" cb="0"/><line nr="56" mi="0" ci="1" mb="0" cb="0"/><line nr="57" mi="0" ci="4" mb="0" cb="0"/><line nr="58" mi="0" ci="4" mb="0" cb="0"/><line nr="60" mi="0" ci="6" mb="0" cb="0"/><line nr="62" mi="0" ci="2" mb="0" cb="0"/><line nr="85" mi="0" ci="6" mb="0" cb="0"/><counter type="INSTRUCTION" missed="0" covered="33"/><counter type="BRANCH" missed="0" covered="2"/><counter type="LINE" missed="0" covered="9"/><counter type="COMPLEXITY" missed="0" covered="4"/><counter type="METHOD" missed="0" covered="3"/><counter type="CLASS" missed="0" covered="1"/></sourcefile><sourcefile name="DefensiveRestoreBackupPomsPhase.java"><line nr="42" mi="0" ci="3" mb="0" cb="0"/><line nr="67" mi="0" ci="4" mb="0" cb="2"/><line nr="68" mi="0" ci="7" mb="0" cb="0"/><line nr="70" mi="0" ci="4" mb="0" cb="0"/><line nr="71" mi="0" ci="3" mb="0" cb="0"/><line nr="73" mi="0" ci="2" mb="0" cb="0"/><line nr="96" mi="0" ci="6" mb="0" cb="0"/><counter type="INSTRUCTION" missed="0" covered="29"/><counter type="BRANCH" missed="0" covered="2"/><counter type="LINE" missed="0" covered="7"/><counter type="COMPLEXITY" missed="0" covered="4"/><counter type="METHOD" missed="0" covered="3"/><counter type="CLASS" missed="0" covered="1"/></sourcefile><sourcefile name="RemoveBackupPomsPhase.java"><line nr="44" mi="0" ci="3" mb="0" cb="0"/><line nr="68" mi="0" ci="4" mb="0" cb="0"/><line nr="69" mi="0" ci="4" mb="0" cb="2"/><line nr="70" mi="0" ci="10" mb="0" cb="2"/><line nr="71" mi="0" ci="3" mb="0" cb="0"/><line nr="72" mi="0" ci="1" mb="0" cb="0"/><line nr="74" mi="0" ci="3" mb="0" cb="0"/><line nr="75" mi="0" ci="2" mb="0" cb="0"/><line nr="98" mi="0" ci="6" mb="0" cb="0"/><counter type="INSTRUCTION" missed="0" covered="36"/><counter type="BRANCH" missed="0" covered="4"/><counter type="LINE" missed="0" covered="9"/><counter type="COMPLEXITY" missed="0" covered="5"/><counter type="METHOD" missed="0" covered="3"/><counter type="CLASS" missed="0" covered="1"/></sourcefile><sourcefile name="IndicatePresenceOfBackupPomsPhase.java"><line nr="43" mi="0" ci="3" mb="0" cb="0"/><line nr="68" mi="0" ci="4" mb="0" cb="0"/><line nr="69" mi="0" ci="4" mb="0" cb="0"/><line nr="70" mi="0" ci="3" mb="0" cb="0"/><line nr="71" mi="0" ci="2" mb="0" cb="0"/><line nr="94" mi="0" ci="6" mb="0" cb="0"/><counter type="INSTRUCTION" missed="0" covered="22"/><counter type="LINE" missed="0" covered="6"/><counter type="COMPLEXITY" missed="0" covered="3"/><counter type="METHOD" missed="0" covered="3"/><counter type="CLASS" missed="0" covered="1"/></sourcefile><counter type="INSTRUCTION" missed="0" covered="120"/><counter type="BRANCH" missed="0" covered="8"/><counter type="LINE" missed="0" covered="31"/><counter type="COMPLEXITY" missed="0" covered="16"/><counter type="METHOD" missed="0" covered="12"/><counter type="CLASS" missed="0" covered="4"/></package><counter type="INSTRUCTION" missed="0" covered="944"/><counter type="BRANCH" missed="0" covered="74"/><counter type="LINE" missed="0" covered="251"/><counter type="COMPLEXITY" missed="0" covered="110"/><counter type="METHOD" missed="0" covered="73"/><counter type="CLASS" missed="0" covered="19"/></report>